#
# There is insufficient memory for the Java Runtime Environment to continue.
# Native memory allocation (malloc) failed to allocate 1048576 bytes for AllocateHeap
# Possible reasons:
#   The system is out of physical RAM or swap space
#   The process is running with CompressedOops enabled, and the Java Heap may be blocking the growth of the native heap
# Possible solutions:
#   Reduce memory load on the system
#   Increase physical memory or swap space
#   Check if swap backing store is full
#   Decrease Java heap size (-Xmx/-Xms)
#   Decrease number of Java threads
#   Decrease Java thread stack sizes (-Xss)
#   Set larger code cache with -XX:ReservedCodeCacheSize=
#   JVM is running with Unscaled Compressed Oops mode in which the Java heap is
#     placed in the first 4GB address space. The Java Heap base address is the
#     maximum limit for the native heap growth. Please use -XX:HeapBaseMinAddress
#     to set the Java Heap base and to place the Java Heap above 4GB virtual address.
# This output file may be truncated or incomplete.
#
#  Out of Memory Error (allocation.cpp:44), pid=14972, tid=14452
#
# JRE version:  (17.0.4.1+1) (build )
# Java VM: OpenJDK 64-Bit Server VM (17.0.4.1+1, mixed mode, sharing, tiered, compressed oops, compressed class ptrs, g1 gc, windows-amd64)
# No core dump will be written. Minidumps are not enabled by default on client versions of Windows
#

---------------  S U M M A R Y ------------

Command Line: -Dfile.encoding=UTF-8 --module-path=C:\Eclipse\workspace\JuegoTriqui\bin -XX:+ShowCodeDetailsInExceptionMessages -Djdk.module.main=JuegoTriqui JuegoTriqui/test.Presenter

Host: AMD Athlon Silver 3050U with Radeon Graphics   , 2 cores, 3G,  Windows 10 , 64 bit Build 19041 (10.0.19041.2913)
Time: Sun Jun 18 10:47:25 2023 Hora est. Pacífico, Sudamérica elapsed time: 0.314589 seconds (0d 0h 0m 0s)

---------------  T H R E A D  ---------------

Current thread (0x0000026576caaf80):  JavaThread "Unknown thread" [_thread_in_vm, id=14452, stack(0x000000dda2300000,0x000000dda2400000)]

Stack: [0x000000dda2300000,0x000000dda2400000]
Native frames: (J=compiled Java code, j=interpreted, Vv=VM code, C=native code)
V  [jvm.dll+0x67731a]
V  [jvm.dll+0x832284]
V  [jvm.dll+0x833a2e]
V  [jvm.dll+0x834093]
V  [jvm.dll+0x245775]
V  [jvm.dll+0xa6393]
V  [jvm.dll+0x2d7234]
V  [jvm.dll+0x803d7c]
V  [jvm.dll+0x3698f1]
V  [jvm.dll+0x7e31bc]
V  [jvm.dll+0x3ec25f]
V  [jvm.dll+0x3edde1]
C  [jli.dll+0x5277]
C  [ucrtbase.dll+0x21bb2]
C  [KERNEL32.DLL+0x17614]
C  [ntdll.dll+0x526a1]


---------------  P R O C E S S  ---------------

Threads class SMR info:
_java_thread_list=0x00007ffc5fa14e98, length=0, elements={
}

Java Threads: ( => current thread )

Other Threads:

=>0x0000026576caaf80 (exited) JavaThread "Unknown thread" [_thread_in_vm, id=14452, stack(0x000000dda2300000,0x000000dda2400000)]

Threads with active compile tasks:

VM state: not at safepoint (not fully initialized)

VM Mutex/Monitor currently owned by a thread: None

Heap address: 0x0000000000000000, size: 0 MB, Compressed Oops mode: 32-bit

CDS archive(s) mapped at: [0x0000000000000000-0x0000000000000000-0x0000000000000000), size 0, SharedBaseAddress: 0x0000000800000000, ArchiveRelocationMode: 0.
Narrow klass base: 0x0000000000000000, Narrow klass shift: 0, Narrow klass range: 0x0

GC Precious Log:
<Empty>

GC Heap History (0 events):
No events

Deoptimization events (0 events):
No events

Classes unloaded (0 events):
No events

Classes redefined (0 events):
No events

Internal exceptions (0 events):
No events

VM Operations (0 events):
No events

Events (1 events):
Event: 0.009 Loaded shared library C:\Eclipse\eclipse escritorio\plugins\org.eclipse.justj.openjdk.hotspot.jre.full.win32.x86_64_17.0.4.v20220903-1038\jre\bin\java.dll


Dynamic libraries:
0x00007ff757f10000 - 0x00007ff757f1e000 	C:\Eclipse\eclipse escritorio\plugins\org.eclipse.justj.openjdk.hotspot.jre.full.win32.x86_64_17.0.4.v20220903-1038\jre\bin\javaw.exe
0x00007ffca8390000 - 0x00007ffca8588000 	C:\WINDOWS\SYSTEM32\ntdll.dll
0x00007ffca80f0000 - 0x00007ffca81af000 	C:\WINDOWS\System32\KERNEL32.DLL
0x00007ffca5d30000 - 0x00007ffca6026000 	C:\WINDOWS\System32\KERNELBASE.dll
0x00007ffca62f0000 - 0x00007ffca63f0000 	C:\WINDOWS\System32\ucrtbase.dll
0x00007ffc8db70000 - 0x00007ffc8db88000 	C:\Eclipse\eclipse escritorio\plugins\org.eclipse.justj.openjdk.hotspot.jre.full.win32.x86_64_17.0.4.v20220903-1038\jre\bin\jli.dll
0x00007ffca81b0000 - 0x00007ffca834d000 	C:\WINDOWS\System32\USER32.dll
0x00007ffca60b0000 - 0x00007ffca60d2000 	C:\WINDOWS\System32\win32u.dll
0x00007ffca7260000 - 0x00007ffca728c000 	C:\WINDOWS\System32\GDI32.dll
0x00007ffca5c10000 - 0x00007ffca5d25000 	C:\WINDOWS\System32\gdi32full.dll
0x00007ffca5a70000 - 0x00007ffca5b0d000 	C:\WINDOWS\System32\msvcp_win.dll
0x00007ffc8f180000 - 0x00007ffc8f199000 	C:\Eclipse\eclipse escritorio\plugins\org.eclipse.justj.openjdk.hotspot.jre.full.win32.x86_64_17.0.4.v20220903-1038\jre\bin\VCRUNTIME140.dll
0x00007ffc8e630000 - 0x00007ffc8e8ca000 	C:\WINDOWS\WinSxS\amd64_microsoft.windows.common-controls_6595b64144ccf1df_6.0.19041.1110_none_60b5254171f9507e\COMCTL32.dll
0x00007ffca6fe0000 - 0x00007ffca707e000 	C:\WINDOWS\System32\msvcrt.dll
0x00007ffca6ab0000 - 0x00007ffca6ae0000 	C:\WINDOWS\System32\IMM32.DLL
0x0000000072ef0000 - 0x0000000072efc000 	C:\Program Files (x86)\360\Total Security\safemon\SafeWrapper.dll
0x00007ffca7fc0000 - 0x00007ffca806f000 	C:\WINDOWS\System32\ADVAPI32.dll
0x00007ffca6a00000 - 0x00007ffca6a9c000 	C:\WINDOWS\System32\sechost.dll
0x00007ffca7d60000 - 0x00007ffca7e86000 	C:\WINDOWS\System32\RPCRT4.dll
0x00007ffc8daa0000 - 0x00007ffc8db32000 	C:\Program Files (x86)\360\Total Security\safemon\libzdtp64.dll
0x00007ffca7610000 - 0x00007ffca7d54000 	C:\WINDOWS\System32\SHELL32.dll
0x00007ffca7e90000 - 0x00007ffca7ee5000 	C:\WINDOWS\System32\SHLWAPI.dll
0x00007ffca5750000 - 0x00007ffca575a000 	C:\WINDOWS\SYSTEM32\VERSION.dll
0x00007ffc962e0000 - 0x00007ffc962ec000 	C:\Eclipse\eclipse escritorio\plugins\org.eclipse.justj.openjdk.hotspot.jre.full.win32.x86_64_17.0.4.v20220903-1038\jre\bin\vcruntime140_1.dll
0x00007ffc708e0000 - 0x00007ffc70971000 	C:\Eclipse\eclipse escritorio\plugins\org.eclipse.justj.openjdk.hotspot.jre.full.win32.x86_64_17.0.4.v20220903-1038\jre\bin\msvcp140.dll
0x00007ffc5ef00000 - 0x00007ffc5fb46000 	C:\Eclipse\eclipse escritorio\plugins\org.eclipse.justj.openjdk.hotspot.jre.full.win32.x86_64_17.0.4.v20220903-1038\jre\bin\server\jvm.dll
0x00007ffca71a0000 - 0x00007ffca71a8000 	C:\WINDOWS\System32\PSAPI.DLL
0x00007ffc94e50000 - 0x00007ffc94e59000 	C:\WINDOWS\SYSTEM32\WSOCK32.dll
0x00007ffc9cbc0000 - 0x00007ffc9cbe7000 	C:\WINDOWS\SYSTEM32\WINMM.dll
0x00007ffca7290000 - 0x00007ffca72fb000 	C:\WINDOWS\System32\WS2_32.dll
0x00007ffca3950000 - 0x00007ffca3962000 	C:\WINDOWS\SYSTEM32\kernel.appcore.dll
0x00007ffc94e30000 - 0x00007ffc94e3a000 	C:\Eclipse\eclipse escritorio\plugins\org.eclipse.justj.openjdk.hotspot.jre.full.win32.x86_64_17.0.4.v20220903-1038\jre\bin\jimage.dll
0x00007ffca3740000 - 0x00007ffca3924000 	C:\WINDOWS\SYSTEM32\DBGHELP.DLL
0x00007ffc918f0000 - 0x00007ffc91924000 	C:\WINDOWS\SYSTEM32\dbgcore.DLL
0x00007ffca5b10000 - 0x00007ffca5b92000 	C:\WINDOWS\System32\bcryptPrimitives.dll
0x00007ffc72070000 - 0x00007ffc72095000 	C:\Eclipse\eclipse escritorio\plugins\org.eclipse.justj.openjdk.hotspot.jre.full.win32.x86_64_17.0.4.v20220903-1038\jre\bin\java.dll

dbghelp: loaded successfully - version: 4.0.5 - missing functions: none
symbol engine: initialized successfully - sym options: 0x614 - pdb path: .;C:\Eclipse\eclipse escritorio\plugins\org.eclipse.justj.openjdk.hotspot.jre.full.win32.x86_64_17.0.4.v20220903-1038\jre\bin;C:\WINDOWS\SYSTEM32;C:\WINDOWS\WinSxS\amd64_microsoft.windows.common-controls_6595b64144ccf1df_6.0.19041.1110_none_60b5254171f9507e;C:\Program Files (x86)\360\Total Security\safemon;C:\Eclipse\eclipse escritorio\plugins\org.eclipse.justj.openjdk.hotspot.jre.full.win32.x86_64_17.0.4.v20220903-1038\jre\bin\server

VM Arguments:
jvm_args: -Dfile.encoding=UTF-8 --module-path=C:\Eclipse\workspace\JuegoTriqui\bin -XX:+ShowCodeDetailsInExceptionMessages -Djdk.module.main=JuegoTriqui 
java_command: JuegoTriqui/test.Presenter
java_class_path (initial): <not set>
Launcher Type: SUN_STANDARD

[Global flags]
     intx CICompilerCount                          = 2                                         {product} {ergonomic}
     uint ConcGCThreads                            = 1                                         {product} {ergonomic}
     uint G1ConcRefinementThreads                  = 2                                         {product} {ergonomic}
   size_t G1HeapRegionSize                         = 1048576                                   {product} {ergonomic}
    uintx GCDrainStackTargetSize                   = 64                                        {product} {ergonomic}
   size_t InitialHeapSize                          = 58720256                                  {product} {ergonomic}
   size_t MarkStackSize                            = 4194304                                   {product} {ergonomic}
   size_t MaxHeapSize                              = 908066816                                 {product} {ergonomic}
   size_t MinHeapDeltaBytes                        = 1048576                                   {product} {ergonomic}
   size_t MinHeapSize                              = 8388608                                   {product} {ergonomic}
    uintx NonNMethodCodeHeapSize                   = 5826188                                {pd product} {ergonomic}
    uintx NonProfiledCodeHeapSize                  = 122916026                              {pd product} {ergonomic}
    uintx ProfiledCodeHeapSize                     = 122916026                              {pd product} {ergonomic}
    uintx ReservedCodeCacheSize                    = 251658240                              {pd product} {ergonomic}
     bool SegmentedCodeCache                       = true                                      {product} {ergonomic}
     bool ShowCodeDetailsInExceptionMessages       = true                                   {manageable} {command line}
   size_t SoftMaxHeapSize                          = 908066816                              {manageable} {ergonomic}
     bool UseCompressedClassPointers               = true                           {product lp64_product} {ergonomic}
     bool UseCompressedOops                        = true                           {product lp64_product} {ergonomic}
     bool UseG1GC                                  = true                                      {product} {ergonomic}
     bool UseLargePagesIndividualAllocation        = false                                  {pd product} {ergonomic}

Logging:
Log output configuration:
 #0: stdout all=warning uptime,level,tags
 #1: stderr all=off uptime,level,tags

Environment Variables:
JAVA_HOME=C:\Program Files\Java\jdk-19
PATH=C:/Eclipse/eclipse escritorio//plugins/org.eclipse.justj.openjdk.hotspot.jre.full.win32.x86_64_17.0.4.v20220903-1038/jre/bin/server;C:/Eclipse/eclipse escritorio//plugins/org.eclipse.justj.openjdk.hotspot.jre.full.win32.x86_64_17.0.4.v20220903-1038/jre/bin;C:\Program Files\Common Files\Oracle\Java\javapath;C:\Program Files (x86)\Common Files\Oracle\Java\javapath;C:\WINDOWS\system32;C:\WINDOWS;C:\WINDOWS\System32\Wbem;C:\WINDOWS\System32\WindowsPowerShell\v1.0\;C:\WINDOWS\System32\OpenSSH\;C:\Users\Lenovo\OneDrive\Documentos\Programacion\java19s1\jdk-19\bin;C:\Program Files\Git\cmd;C:\Users\Lenovo\AppData\Local\Programs\Python\Python311\Scripts\;C:\Users\Lenovo\AppData\Local\Programs\Python\Python311\;C:\Users\Lenovo\AppData\Local\Microsoft\WindowsApps;C:\Program Files\Java\jdk-19\bin;C:\Users\Lenovo\AppData\Local\Programs\Microsoft VS Code\bin;;C:\Eclipse\eclipse escritorio;
USERNAME=Lenovo
OS=Windows_NT
PROCESSOR_IDENTIFIER=AMD64 Family 23 Model 24 Stepping 1, AuthenticAMD
TMP=C:\Users\Lenovo\AppData\Local\Temp
TEMP=C:\Users\Lenovo\AppData\Local\Temp



---------------  S Y S T E M  ---------------

OS:
 Windows 10 , 64 bit Build 19041 (10.0.19041.2913)
OS uptime: 23 days 2:05 hours

CPU: total 2 (initial active 2) (2 cores per cpu, 1 threads per core) family 23 model 24 stepping 1 microcode 0x0, cx8, cmov, fxsr, mmx, 3dnowpref, sse, sse2, sse3, ssse3, sse4a, sse4.1, sse4.2, popcnt, lzcnt, tsc, tscinvbit, avx, avx2, aes, clmul, bmi1, bmi2, adx, sha, fma, vzeroupper, clflush, clflushopt

Memory: 4k page, system-wide physical 3460M (486M free)
TotalPageFile size 6148M (AvailPageFile size 5M)
current process WorkingSet (physical memory assigned to process): 10M, peak: 10M
current process commit charge ("private bytes"): 12M, peak: 13M

vm_info: OpenJDK 64-Bit Server VM (17.0.4.1+1) for windows-amd64 JRE (17.0.4.1+1), built on Aug 17 2022 07:42:43 by "temurin" with MS VC++ 16.7 (VS2019)

END.
