#
# There is insufficient memory for the Java Runtime Environment to continue.
# Native memory allocation (malloc) failed to allocate 32744 bytes for ChunkPool::allocate
# Possible reasons:
#   The system is out of physical RAM or swap space
#   The process is running with CompressedOops enabled, and the Java Heap may be blocking the growth of the native heap
# Possible solutions:
#   Reduce memory load on the system
#   Increase physical memory or swap space
#   Check if swap backing store is full
#   Decrease Java heap size (-Xmx/-Xms)
#   Decrease number of Java threads
#   Decrease Java thread stack sizes (-Xss)
#   Set larger code cache with -XX:ReservedCodeCacheSize=
#   JVM is running with Unscaled Compressed Oops mode in which the Java heap is
#     placed in the first 4GB address space. The Java Heap base address is the
#     maximum limit for the native heap growth. Please use -XX:HeapBaseMinAddress
#     to set the Java Heap base and to place the Java Heap above 4GB virtual address.
# This output file may be truncated or incomplete.
#
#  Out of Memory Error (arena.cpp:78), pid=264, tid=8460
#
# JRE version: OpenJDK Runtime Environment Temurin-17.0.4.1+1 (17.0.4.1+1) (build 17.0.4.1+1)
# Java VM: OpenJDK 64-Bit Server VM Temurin-17.0.4.1+1 (17.0.4.1+1, mixed mode, tiered, compressed oops, compressed class ptrs, g1 gc, windows-amd64)
# No core dump will be written. Minidumps are not enabled by default on client versions of Windows
#

---------------  S U M M A R Y ------------

Command Line: -Dfile.encoding=UTF-8 -XX:+ShowCodeDetailsInExceptionMessages Interfaz.j28anterior

Host: AMD Athlon Silver 3050U with Radeon Graphics   , 2 cores, 3G,  Windows 10 , 64 bit Build 19041 (10.0.19041.2546)
Time: Sun Apr  2 21:07:00 2023 Hora est. Pacífico, Sudamérica elapsed time: 0.159263 seconds (0d 0h 0m 0s)

---------------  T H R E A D  ---------------

Current thread (0x000001dbf49f6d00):  JavaThread "C2 CompilerThread0" daemon [_thread_in_vm, id=8460, stack(0x0000003c97000000,0x0000003c97100000)]

Stack: [0x0000003c97000000,0x0000003c97100000]
Native frames: (J=compiled Java code, j=interpreted, Vv=VM code, C=native code)
V  [jvm.dll+0x67731a]
V  [jvm.dll+0x832284]
V  [jvm.dll+0x833a2e]
V  [jvm.dll+0x834093]
V  [jvm.dll+0x245775]
V  [jvm.dll+0xabfc0]
V  [jvm.dll+0xac30c]
V  [jvm.dll+0x653553]
V  [jvm.dll+0x6098ab]
V  [jvm.dll+0x607d74]
V  [jvm.dll+0x2184f8]
V  [jvm.dll+0x216c00]
V  [jvm.dll+0x6d15b9]
V  [jvm.dll+0x6d11af]
V  [jvm.dll+0x1a41ad]
V  [jvm.dll+0x22638c]
V  [jvm.dll+0x22549a]
V  [jvm.dll+0x7e7e9b]
V  [jvm.dll+0x7e240a]
V  [jvm.dll+0x6761a5]
C  [ucrtbase.dll+0x21bb2]
C  [KERNEL32.DLL+0x17614]
C  [ntdll.dll+0x526a1]


---------------  P R O C E S S  ---------------

Threads class SMR info:
_java_thread_list=0x000001dbf4a4eb20, length=10, elements={
0x000001dbde29c490, 0x000001dbf4993000, 0x000001dbf499ee80, 0x000001dbf49ab2e0,
0x000001dbf49f3ff0, 0x000001dbf49f45b0, 0x000001dbf49f5f70, 0x000001dbf49f6d00,
0x000001dbf4a46940, 0x000001dbf4a4e500
}

Java Threads: ( => current thread )
  0x000001dbde29c490 JavaThread "main" [_thread_in_vm, id=1544, stack(0x0000003c96300000,0x0000003c96400000)]
  0x000001dbf4993000 JavaThread "Reference Handler" daemon [_thread_blocked, id=9792, stack(0x0000003c96a00000,0x0000003c96b00000)]
  0x000001dbf499ee80 JavaThread "Finalizer" daemon [_thread_blocked, id=6020, stack(0x0000003c96b00000,0x0000003c96c00000)]
  0x000001dbf49ab2e0 JavaThread "Signal Dispatcher" daemon [_thread_blocked, id=9060, stack(0x0000003c96c00000,0x0000003c96d00000)]
  0x000001dbf49f3ff0 JavaThread "Attach Listener" daemon [_thread_blocked, id=5728, stack(0x0000003c96d00000,0x0000003c96e00000)]
  0x000001dbf49f45b0 JavaThread "Service Thread" daemon [_thread_new, id=9904, stack(0x0000000000000000,0x0000000000000000)]
  0x000001dbf49f5f70 JavaThread "Monitor Deflation Thread" daemon [_thread_blocked, id=4088, stack(0x0000003c96f00000,0x0000003c97000000)]
=>0x000001dbf49f6d00 JavaThread "C2 CompilerThread0" daemon [_thread_in_vm, id=8460, stack(0x0000003c97000000,0x0000003c97100000)]
  0x000001dbf4a46940 JavaThread "C1 CompilerThread0" daemon [_thread_blocked, id=1512, stack(0x0000003c97100000,0x0000003c97200000)]
  0x000001dbf4a4e500 JavaThread "Sweeper thread" daemon [_thread_blocked, id=2040, stack(0x0000003c97200000,0x0000003c97300000)]

Other Threads:
  0x000001dbde33f500 VMThread "VM Thread" [stack: 0x0000003c96900000,0x0000003c96a00000] [id=5524]
  0x000001dbde2d4ba0 GCTaskThread "GC Thread#0" [stack: 0x0000003c96400000,0x0000003c96500000] [id=3900]
  0x000001dbde2dc720 ConcurrentGCThread "G1 Main Marker" [stack: 0x0000003c96500000,0x0000003c96600000] [id=7556]
  0x000001dbde2dde80 ConcurrentGCThread "G1 Conc#0" [stack: 0x0000003c96600000,0x0000003c96700000] [id=3392]
  0x000001dbde30f870 ConcurrentGCThread "G1 Refine#0" [stack: 0x0000003c96700000,0x0000003c96800000] [id=9896]
  0x000001dbde310290 ConcurrentGCThread "G1 Service" [stack: 0x0000003c96800000,0x0000003c96900000] [id=660]

Threads with active compile tasks:

VM state: not at safepoint (normal execution)

VM Mutex/Monitor currently owned by a thread: None

Heap address: 0x00000000c9e00000, size: 866 MB, Compressed Oops mode: 32-bit

CDS archive(s) not mapped
Compressed class space mapped at: 0x0000000100000000-0x0000000140000000, reserved size: 1073741824
Narrow klass base: 0x0000000000000000, Narrow klass shift: 3, Narrow klass range: 0x140000000

GC Precious Log:
 CPUs: 2 total, 2 available
 Memory: 3460M
 Large Page Support: Disabled
 NUMA Support: Disabled
 Compressed Oops: Enabled (32-bit)
 Heap Region Size: 1M
 Heap Min Capacity: 8M
 Heap Initial Capacity: 56M
 Heap Max Capacity: 866M
 Pre-touch: Disabled
 Parallel Workers: 2
 Concurrent Workers: 1
 Concurrent Refinement Workers: 2
 Periodic GC: Disabled

Heap:
 garbage-first heap   total 57344K, used 0K [0x00000000c9e00000, 0x0000000100000000)
  region size 1024K, 1 young (1024K), 0 survivors (0K)
 Metaspace       used 2733K, committed 2816K, reserved 1056768K
  class space    used 198K, committed 256K, reserved 1048576K

Heap Regions: E=young(eden), S=young(survivor), O=old, HS=humongous(starts), HC=humongous(continues), CS=collection set, F=free, OA=open archive, CA=closed archive, TAMS=top-at-mark-start (previous, next)
|   0|0x00000000c9e00000, 0x00000000c9e00000, 0x00000000c9f00000|  0%| F|  |TAMS 0x00000000c9e00000, 0x00000000c9e00000| Untracked 
|   1|0x00000000c9f00000, 0x00000000c9f00000, 0x00000000ca000000|  0%| F|  |TAMS 0x00000000c9f00000, 0x00000000c9f00000| Untracked 
|   2|0x00000000ca000000, 0x00000000ca000000, 0x00000000ca100000|  0%| F|  |TAMS 0x00000000ca000000, 0x00000000ca000000| Untracked 