#
# There is insufficient memory for the Java Runtime Environment to continue.
# Native memory allocation (mmap) failed to map 65536 bytes for Failed to commit metaspace.
# Possible reasons:
#   The system is out of physical RAM or swap space
#   The process is running with CompressedOops enabled, and the Java Heap may be blocking the growth of the native heap
# Possible solutions:
#   Reduce memory load on the system
#   Increase physical memory or swap space
#   Check if swap backing store is full
#   Decrease Java heap size (-Xmx/-Xms)
#   Decrease number of Java threads
#   Decrease Java thread stack sizes (-Xss)
#   Set larger code cache with -XX:ReservedCodeCacheSize=
#   JVM is running with Unscaled Compressed Oops mode in which the Java heap is
#     placed in the first 4GB address space. The Java Heap base address is the
#     maximum limit for the native heap growth. Please use -XX:HeapBaseMinAddress
#     to set the Java Heap base and to place the Java Heap above 4GB virtual address.
# This output file may be truncated or incomplete.
#
#  Out of Memory Error (virtualSpaceNode.cpp:110), pid=6652, tid=8852
#
# JRE version: OpenJDK Runtime Environment Temurin-17.0.4.1+1 (17.0.4.1+1) (build 17.0.4.1+1)
# Java VM: OpenJDK 64-Bit Server VM Temurin-17.0.4.1+1 (17.0.4.1+1, mixed mode, tiered, compressed oops, compressed class ptrs, g1 gc, windows-amd64)
# No core dump will be written. Minidumps are not enabled by default on client versions of Windows
#

---------------  S U M M A R Y ------------

Command Line: -Dfile.encoding=UTF-8 -XX:+ShowCodeDetailsInExceptionMessages Interfaz.J29JTextField

Host: AMD Athlon Silver 3050U with Radeon Graphics   , 2 cores, 3G,  Windows 10 , 64 bit Build 19041 (10.0.19041.2546)
Time: Mon Apr  3 19:49:50 2023 Hora est. Pacífico, Sudamérica elapsed time: 1.017522 seconds (0d 0h 0m 1s)

---------------  T H R E A D  ---------------

Current thread (0x0000028d9151a2f0):  JavaThread "AWT-EventQueue-0" [_thread_in_vm, id=8852, stack(0x000000f96bd00000,0x000000f96be00000)]

Stack: [0x000000f96bd00000,0x000000f96be00000]
Native frames: (J=compiled Java code, j=interpreted, Vv=VM code, C=native code)
V  [jvm.dll+0x67731a]
V  [jvm.dll+0x832284]
V  [jvm.dll+0x833a2e]
V  [jvm.dll+0x834093]
V  [jvm.dll+0x245775]
V  [jvm.dll+0x82e22b]
V  [jvm.dll+0x61bdf6]
V  [jvm.dll+0x1c07be]
V  [jvm.dll+0x61e741]
V  [jvm.dll+0x61c796]
V  [jvm.dll+0x1eaa8e]
V  [jvm.dll+0x1eb54f]
V  [jvm.dll+0x1e09f1]
V  [jvm.dll+0x53c910]
V  [jvm.dll+0x1f11e7]
V  [jvm.dll+0x7ac56b]
V  [jvm.dll+0x7ad912]
V  [jvm.dll+0x7adc48]
V  [jvm.dll+0x23db7e]
V  [jvm.dll+0x37f29e]
C  0x0000028d8001b6ce

Java frames: (J=compiled Java code, j=interpreted, Vv=VM code)
j  sun.font.FileFont.createStrike(Lsun/font/FontStrikeDesc;)Lsun/font/FontStrike;+0 java.desktop@17.0.4.1
j  sun.font.Font2D.getStrike(Lsun/font/FontStrikeDesc;Z)Lsun/font/FontStrike;+85 java.desktop@17.0.4.1
j  sun.font.Font2D.getStrike(Lsun/font/FontStrikeDesc;)Lsun/font/FontStrike;+3 java.desktop@17.0.4.1
j  sun.font.CompositeStrike.getStrikeForSlot(I)Lsun/font/PhysicalStrike;+34 java.desktop@17.0.4.1
j  sun.font.CompositeStrike.getFontMetrics()Lsun/font/StrikeMetrics;+31 java.desktop@17.0.4.1
j  sun.font.FontDesignMetrics.initMatrixAndMetrics()V+28 java.desktop@17.0.4.1
j  sun.font.FontDesignMetrics.<init>(Ljava/awt/Font;Ljava/awt/font/FontRenderContext;)V+62 java.desktop@17.0.4.1
j  sun.font.FontDesignMetrics.getMetrics(Ljava/awt/Font;Ljava/awt/font/FontRenderContext;)Lsun/font/FontDesignMetrics;+128 java.desktop@17.0.4.1
j  sun.swing.SwingUtilities2.getFontMetrics(Ljavax/swing/JComponent;Ljava/awt/Font;)Ljava/awt/FontMetrics;+15 java.desktop@17.0.4.1
j  javax.swing.JComponent.getFontMetrics(Ljava/awt/Font;)Ljava/awt/FontMetrics;+2 java.desktop@17.0.4.1
j  sun.swing.SwingUtilities2.getFontMetrics(Ljavax/swing/JComponent;Ljava/awt/Graphics;Ljava/awt/Font;)Ljava/awt/FontMetrics;+6 java.desktop@17.0.4.1
j  sun.swing.SwingUtilities2.getFontMetrics(Ljavax/swing/JComponent;Ljava/awt/Graphics;)Ljava/awt/FontMetrics;+6 java.desktop@17.0.4.1
j  javax.swing.plaf.basic.BasicButtonUI.paint(Ljava/awt/Graphics;Ljavax/swing/JComponent;)V+15 java.desktop@17.0.4.1
j  javax.swing.plaf.metal.MetalButtonUI.update(Ljava/awt/Graphics;Ljavax/swing/JComponent;)V+86 java.desktop@17.0.4.1
j  javax.swing.JComponent.paintComponent(Ljava/awt/Graphics;)V+26 java.desktop@17.0.4.1
j  javax.swing.JComponent.paint(Ljava/awt/Graphics;)V+286 java.desktop@17.0.4.1
j  javax.swing.JComponent.paintChildren(Ljava/awt/Graphics;)V+523 java.desktop@17.0.4.1
j  javax.swing.JComponent.paint(Ljava/awt/Graphics;)V+318 java.desktop@17.0.4.1
j  javax.swing.JComponent.paintChildren(Ljava/awt/Graphics;)V+523 java.desktop@17.0.4.1
j  javax.swing.JComponent.paint(Ljava/awt/Graphics;)V+318 java.desktop@17.0.4.1
j  javax.swing.JLayeredPane.paint(Ljava/awt/Graphics;)V+73 java.desktop@17.0.4.1
j  javax.swing.JComponent.paintChildren(Ljava/awt/Graphics;)V+523 java.desktop@17.0.4.1
j  javax.swing.JComponent.paintToOffscreen(Ljava/awt/Graphics;IIIIII)V+72 java.desktop@17.0.4.1
j  javax.swing.RepaintManager$PaintManager.paintDoubleBufferedImpl(Ljavax/swing/JComponent;Ljava/awt/Image;Ljava/awt/Graphics;IIII)V+163 java.desktop@17.0.4.1
j  javax.swing.RepaintManager$PaintManager.paintDoubleBuffered(Ljavax/swing/JComponent;Ljava/awt/Image;Ljava/awt/Graphics;IIII)V+46 java.desktop@17.0.4.1
j  javax.swing.RepaintManager$PaintManager.paint(Ljavax/swing/JComponent;Ljavax/swing/JComponent;Ljava/awt/Graphics;IIII)Z+128 java.desktop@17.0.4.1
j  javax.swing.RepaintManager.paint(Ljavax/swing/JComponent;Ljavax/swing/JComponent;Ljava/awt/Graphics;IIII)V+52 java.desktop@17.0.4.1
j  javax.swing.JComponent.paint(Ljava/awt/Graphics;)V+221 java.desktop@17.0.4.1
j  java.awt.GraphicsCallback$PaintCallback.run(Ljava/awt/Component;Ljava/awt/Graphics;)V+2 java.desktop@17.0.4.1
j  sun.awt.SunGraphicsCallback.runOneComponent(Ljava/awt/Component;Ljava/awt/Rectangle;Ljava/awt/Graphics;Ljava/awt/Shape;I)V+130 java.desktop@17.0.4.1
j  sun.awt.SunGraphicsCallback.runComponents([Ljava/awt/Component;Ljava/awt/Graphics;I)V+157 java.desktop@17.0.4.1
j  java.awt.Container.paint(Ljava/awt/Graphics;)V+58 java.desktop@17.0.4.1
j  java.awt.Window.paint(Ljava/awt/Graphics;)V+68 java.desktop@17.0.4.1
j  javax.swing.RepaintManager$4.run()Ljava/lang/Void;+142 java.desktop@17.0.4.1
j  javax.swing.RepaintManager$4.run()Ljava/lang/Object;+1 java.desktop@17.0.4.1
j  java.security.AccessController.executePrivileged(Ljava/security/PrivilegedAction;Ljava/security/AccessControlContext;Ljava/lang/Class;)Ljava/lang/Object;+29 java.base@17.0.4.1
j  java.security.AccessController.doPrivileged(Ljava/security/PrivilegedAction;Ljava/security/AccessControlContext;)Ljava/lang/Object;+13 java.base@17.0.4.1
j  java.security.ProtectionDomain$JavaSecurityAccessImpl.doIntersectionPrivilege(Ljava/security/PrivilegedAction;Ljava/security/AccessControlContext;Ljava/security/AccessControlContext;)Ljava/lang/Object;+18 java.base@17.0.4.1
j  javax.swing.RepaintManager.paintDirtyRegions(Ljava/util/Map;)V+154 java.desktop@17.0.4.1
j  javax.swing.RepaintManager.paintDirtyRegions()V+46 java.desktop@17.0.4.1
j  javax.swing.RepaintManager.prePaintDirtyRegions()V+73 java.desktop@17.0.4.1
j  javax.swing.RepaintManager$ProcessingRunnable.run()V+37 java.desktop@17.0.4.1
j  java.awt.event.InvocationEvent.dispatch()V+47 java.desktop@17.0.4.1
j  java.awt.EventQueue.dispatchEventImpl(Ljava/awt/AWTEvent;Ljava/lang/Object;)V+21 java.desktop@17.0.4.1
j  java.awt.EventQueue$4.run()Ljava/lang/Void;+32 java.desktop@17.0.4.1
j  java.awt.EventQueue$4.run()Ljava/lang/Object;+1 java.desktop@17.0.4.1
j  java.security.AccessController.executePrivileged(Ljava/security/PrivilegedAction;Ljava/security/AccessControlContext;Ljava/lang/Class;)Ljava/lang/Object;+29 java.base@17.0.4.1
j  java.security.AccessController.doPrivileged(Ljava/security/PrivilegedAction;Ljava/security/AccessControlContext;)Ljava/lang/Object;+13 java.base@17.0.4.1
j  java.security.ProtectionDomain$JavaSecurityAccessImpl.doIntersectionPrivilege(Ljava/security/PrivilegedAction;Ljava/security/AccessControlContext;Ljava/security/AccessControlContext;)Ljava/lang/Object;+18 java.base@17.0.4.1
j  java.awt.EventQueue.dispatchEvent(Ljava/awt/AWTEvent;)V+46 java.desktop@17.0.4.1
j  java.awt.EventDispatchThread.pumpOneEventForFilters(I)V+78 java.desktop@17.0.4.1
j  java.awt.EventDispatchThread.pumpEventsForFilter(ILjava/awt/Conditional;Ljava/awt/EventFilter;)V+35 java.desktop@17.0.4.1
j  java.awt.EventDispatchThread.pumpEventsForHierarchy(ILjava/awt/Conditional;Ljava/awt/Component;)V+11 java.desktop@17.0.4.1
j  java.awt.EventDispatchThread.pumpEvents(ILjava/awt/Conditional;)V+4 java.desktop@17.0.4.1
j  java.awt.EventDispatchThread.pumpEvents(Ljava/awt/Conditional;)V+3 java.desktop@17.0.4.1
j  java.awt.EventDispatchThread.run()V+9 java.desktop@17.0.4.1
v  ~StubRoutines::call_stub

---------------  P R O C E S S  ---------------

Threads class SMR info:
_java_thread_list=0x0000028d91510ee0, length=16, elements={
0x0000028dff2f3b30, 0x0000028dff2ffa80, 0x0000028dff353ff0, 0x0000028dff3549a0,
0x0000028dff355350, 0x0000028dff356d10, 0x0000028dff357aa0, 0x0000028dff3ab380,
0x0000028dff3ae500, 0x0000028d91111e60, 0x0000028d91133020, 0x0000028d913cdbe0,
0x0000028d913e62c0, 0x0000028d913e6790, 0x0000028d9151a2f0, 0x0000028df9bfc5e0
}

Java Threads: ( => current thread )
  0x0000028dff2f3b30 JavaThread "Reference Handler" daemon [_thread_blocked, id=9444, stack(0x000000f96ac00000,0x000000f96ad00000)]
  0x0000028dff2ffa80 JavaThread "Finalizer" daemon [_thread_blocked, id=4296, stack(0x000000f96ad00000,0x000000f96ae00000)]
  0x0000028dff353ff0 JavaThread "Signal Dispatcher" daemon [_thread_blocked, id=7716, stack(0x000000f96ae00000,0x000000f96af00000)]
  0x0000028dff3549a0 JavaThread "Attach Listener" daemon [_thread_blocked, id=2800, stack(0x000000f96af00000,0x000000f96b000000)]
  0x0000028dff355350 JavaThread "Service Thread" daemon [_thread_blocked, id=7624, stack(0x000000f96b000000,0x000000f96b100000)]
  0x0000028dff356d10 JavaThread "Monitor Deflation Thread" daemon [_thread_blocked, id=3900, stack(0x000000f96b100000,0x000000f96b200000)]
  0x0000028dff357aa0 JavaThread "C2 CompilerThread0" daemon [_thread_blocked, id=2396, stack(0x000000f96b200000,0x000000f96b300000)]
  0x0000028dff3ab380 JavaThread "C1 CompilerThread0" daemon [_thread_blocked, id=6080, stack(0x000000f96b300000,0x000000f96b400000)]
  0x0000028dff3ae500 JavaThread "Sweeper thread" daemon [_thread_blocked, id=6028, stack(0x000000f96b400000,0x000000f96b500000)]
  0x0000028d91111e60 JavaThread "Notification Thread" daemon [_thread_blocked, id=4224, stack(0x000000f96b500000,0x000000f96b600000)]
  0x0000028d91133020 JavaThread "Common-Cleaner" daemon [_thread_blocked, id=10100, stack(0x000000f96b700000,0x000000f96b800000)]
  0x0000028d913cdbe0 JavaThread "Java2D Disposer" daemon [_thread_blocked, id=6264, stack(0x000000f96b800000,0x000000f96b900000)]
  0x0000028d913e62c0 JavaThread "AWT-Shutdown" [_thread_blocked, id=4584, stack(0x000000f96b900000,0x000000f96ba00000)]
  0x0000028d913e6790 JavaThread "AWT-Windows" daemon [_thread_in_native, id=6904, stack(0x000000f96ba00000,0x000000f96bb00000)]
=>0x0000028d9151a2f0 JavaThread "AWT-EventQueue-0" [_thread_in_vm, id=8852, stack(0x000000f96bd00000,0x000000f96be00000)]
  0x0000028df9bfc5e0 JavaThread "DestroyJavaVM" [_thread_blocked, id=7656, stack(0x000000f96a500000,0x000000f96a600000)]

Other Threads:
  0x0000028df9ca0210 VMThread "VM Thread" [stack: 0x000000f96ab00000,0x000000f96ac00000] [id=9472]
  0x0000028d91118350 WatcherThread [stack: 0x000000f96b600000,0x000000f96b700000] [id=9612]
  0x0000028df9c34cc0 GCTaskThread "GC Thread#0" [stack: 0x000000f96a600000,0x000000f96a700000] [id=1408]
  0x0000028df9c3c840 ConcurrentGCThread "G1 Main Marker" [stack: 0x000000f96a700000,0x000000f96a800000] [id=3356]
  0x0000028df9c3dfa0 ConcurrentGCThread "G1 Conc#0" [stack: 0x000000f96a800000,0x000000f96a900000] [id=9088]
  0x0000028df9c6f980 ConcurrentGCThread "G1 Refine#0" [stack: 0x000000f96a900000,0x000000f96aa00000] [id=4328]
  0x0000028df9c710f0 ConcurrentGCThread "G1 Service" [stack: 0x000000f96aa00000,0x000000f96ab00000] [id=8020]

Threads with active compile tasks:

VM state: not at safepoint (normal execution)

VM Mutex/Monitor currently owned by a thread:  ([mutex/lock_event])
[0x0000028df7c1adc0] Metaspace_lock - owner thread: 0x0000028d9151a2f0

Heap address: 0x00000000c9e00000, size: 866 MB, Compressed Oops mode: 32-bit

CDS archive(s) not mapped
Compressed class space mapped at: 0x0000000100000000-0x0000000140000000, reserved size: 1073741824
Narrow klass base: 0x0000000000000000, Narrow klass shift: 3, Narrow klass range: 0x140000000

GC Precious Log:
 CPUs: 2 total, 2 available
 Memory: 3460M
 Large Page Support: Disabled
 NUMA Support: Disabled
 Compressed Oops: Enabled (32-bit)
 Heap Region Size: 1M
 Heap Min Capacity: 8M
 Heap Initial Capacity: 56M
 Heap Max Capacity: 866M
 Pre-touch: Disabled
 Parallel Workers: 2
 Concurrent Workers: 1
 Concurrent Refinement Workers: 2
 Periodic GC: Disabled

Heap:
 garbage-first heap   total 57344K, used 4096K [0x00000000c9e00000, 0x0000000100000000)
  region size 1024K, 5 young (5120K), 0 survivors (0K)
 Metaspace       used 13105K, committed 13312K, reserved 1064960K
  class space    used 1340K, committed 1472K, reserved 1048576K

Heap Regions: E=young(eden), S=young(survivor), O=old, HS=humongous(starts), HC=humongous(continues), CS=collection set, F=free, OA=open archive, CA=closed archive, TAMS=top-at-mark-start (previous, next)
|   0|0x00000000c9e00000, 0x00000000c9e00000, 0x00000000c9f00000|  0%| F|  |TAMS 0x00000000c9e00000, 0x00000000c9e00000| Untracked 
|   1|0x00000000c9f00000, 0x00000000c9f00000, 0x00000000ca000000|  0%| F|  |TAMS 0x00000000c9f00000, 0x00000000c9f00000| Untracked 
|   2|0x00000000ca000000, 0x00000000ca000000, 0x00000000ca100000|  0%| F|  |TAMS 0x00000000ca000000, 0x00000000ca000000| Untracked 
|   3|0x00000000ca100000, 0x00000000ca100000, 0x00000000ca200000|  0%| F|  |TAMS 0x00000000ca100000, 0x00000000ca100000| Untracked 
|   4|0x00000000ca200000, 0x00000000ca200000, 0x00000000ca300000|  0%| F|  |TAMS 0x00000000ca200000, 0x00000000ca200000| Untracked 
|   5|0x00000000ca300000, 0x00000000ca300000, 0x00000000ca400000|  0%| F|  |TAMS 0x00000000ca300000, 0x00000000ca300000| Untracked 
|   6|0x00000000ca400000, 0x00000000ca400000, 0x00000000ca500000|  0%| F|  |TAMS 0x00000000ca400000, 0x00000000ca400000| Untracked 
|   7|0x00000000ca500000, 0x00000000ca500000, 0x00000000ca600000|  0%| F|  |TAMS 0x00000000ca500000, 0x00000000ca500000| Untracked 
|   8|0x00000000ca600000, 0x00000000ca600000, 0x00000000ca700000|  0%| F|  |TAMS 0x00000000ca600000, 0x00000000ca600000| Untracked 
|   9|0x00000000ca700000, 0x00000000ca700000, 0x00000000ca800000|  0%| F|  |TAMS 0x00000000ca700000, 0x00000000ca700000| Untracked 
|  10|0x00000000ca800000, 0x00000000ca800000, 0x00000000ca900000|  0%| F|  |TAMS 0x00000000ca800000, 0x00000000ca800000| Untracked 
|  11|0x00000000ca900000, 0x00000000ca900000, 0x00000000caa00000|  0%| F|  |TAMS 0x00000000ca900000, 0x00000000ca900000| Untracked 
|  12|0x00000000caa00000, 0x00000000caa00000, 0x00000000cab00000|  0%| F|  |TAMS 0x00000000caa00000, 0x00000000caa00000| Untracked 
|  13|0x00000000cab00000, 0x00000000cab00000, 0x00000000cac00000|  0%| F|  |TAMS 0x00000000cab00000, 0x00000000cab00000| Untracked 
|  14|0x00000000cac00000, 0x00000000cac00000, 0x00000000cad00000|  0%| F|  |TAMS 0x00000000cac00000, 0x00000000cac00000| Untracked 
|  15|0x00000000cad00000, 0x00000000cad00000, 0x00000000cae00000|  0%| F|  |TAMS 0x00000000cad00000, 0x00000000cad00000| Untracked 
|  16|0x00000000cae00000, 0x00000000cae00000, 0x00000000caf00000|  0%| F|  |TAMS 0x00000000cae00000, 0x00000000cae00000| Untracked 
|  17|0x00000000caf00000, 0x00000000caf00000, 0x00000000cb000000|  0%| F|  |TAMS 0x00000000caf00000, 0x00000000caf00000| Untracked 
|  18|0x00000000cb000000, 0x00000000cb000000, 0x00000000cb100000|  0%| F|  |TAMS 0x00000000cb000000, 0x00000000cb000000| Untracked 
|  19|0x00000000cb100000, 0x00000000cb100000, 0x00000000cb200000|  0%| F|  |TAMS 0x00000000cb100000, 0x00000000cb100000| Untracked 
|  20|0x00000000cb200000, 0x00000000cb200000, 0x00000000cb300000|  0%| F|  |TAMS 0x00000000cb200000, 0x00000000cb200000| Untracked 
|  21|0x00000000cb300000, 0x00000000cb300000, 0x00000000cb400000|  0%| F|  |TAMS 0x00000000cb300000, 0x00000000cb300000| Untracked 
|  22|0x00000000cb400000, 0x00000000cb400000, 0x00000000cb500000|  0%| F|  |TAMS 0x00000000cb400000, 0x00000000cb400000| Untracked 
|  23|0x00000000cb500000, 0x00000000cb500000, 0x00000000cb600000|  0%| F|  |TAMS 0x00000000cb500000, 0x00000000cb500000| Untracked 
|  24|0x00000000cb600000, 0x00000000cb600000, 0x00000000cb700000|  0%| F|  |TAMS 0x00000000cb600000, 0x00000000cb600000| Untracked 
|  25|0x00000000cb700000, 0x00000000cb700000, 0x00000000cb800000|  0%| F|  |TAMS 0x00000000cb700000, 0x00000000cb700000| Untracked 
|  26|0x00000000cb800000, 0x00000000cb800000, 0x00000000cb900000|  0%| F|  |TAMS 0x00000000cb800000, 0x00000000cb800000| Untracked 
|  27|0x00000000cb900000, 0x00000000cb900000, 0x00000000cba00000|  0%| F|  |TAMS 0x00000000cb900000, 0x00000000cb900000| Untracked 
|  28|0x00000000cba00000, 0x00000000cba00000, 0x00000000cbb00000|  0%| F|  |TAMS 0x00000000cba00000, 0x00000000cba00000| Untracked 
|  29|0x00000000cbb00000, 0x00000000cbb00000, 0x00000000cbc00000|  0%| F|  |TAMS 0x00000000cbb00000, 0x00000000cbb00000| Untracked 
|  30|0x00000000cbc00000, 0x00000000cbc00000, 0x00000000cbd00000|  0%| F|  |TAMS 0x00000000cbc00000, 0x00000000cbc00000| Untracked 
|  31|0x00000000cbd00000, 0x00000000cbd00000, 0x00000000cbe00000|  0%| F|  |TAMS 0x00000000cbd00000, 0x00000000cbd00000| Untracked 
|  32|0x00000000cbe00000, 0x00000000cbe00000, 0x00000000cbf00000|  0%| F|  |TAMS 0x00000000cbe00000, 0x00000000cbe00000| Untracked 
|  33|0x00000000cbf00000, 0x00000000cbf00000, 0x00000000cc000000|  0%| F|  |TAMS 0x00000000cbf00000, 0x00000000cbf00000| Untracked 
|  34|0x00000000cc000000, 0x00000000cc000000, 0x00000000cc100000|  0%| F|  |TAMS 0x00000000cc000000, 0x00000000cc000000| Untracked 
|  35|0x00000000cc100000, 0x00000000cc100000, 0x00000000cc200000|  0%| F|  |TAMS 0x00000000cc100000, 0x00000000cc100000| Untracked 
|  36|0x00000000cc200000, 0x00000000cc200000, 0x00000000cc300000|  0%| F|  |TAMS 0x00000000cc200000, 0x00000000cc200000| Untracked 
|  37|0x00000000cc300000, 0x00000000cc300000, 0x00000000cc400000|  0%| F|  |TAMS 0x00000000cc300000, 0x00000000cc300000| Untracked 
|  38|0x00000000cc400000, 0x00000000cc400000, 0x00000000cc500000|  0%| F|  |TAMS 0x00000000cc400000, 0x00000000cc400000| Untracked 
|  39|0x00000000cc500000, 0x00000000cc500000, 0x00000000cc600000|  0%| F|  |TAMS 0x00000000cc500000, 0x00000000cc500000| Untracked 
|  40|0x00000000cc600000, 0x00000000cc600000, 0x00000000cc700000|  0%| F|  |TAMS 0x00000000cc600000, 0x00000000cc600000| Untracked 
|  41|0x00000000cc700000, 0x00000000cc700000, 0x00000000cc800000|  0%| F|  |TAMS 0x00000000cc700000, 0x00000000cc700000| Untracked 
|  42|0x00000000cc800000, 0x00000000cc800000, 0x00000000cc900000|  0%| F|  |TAMS 0x00000000cc800000, 0x00000000cc800000| Untracked 
|  43|0x00000000cc900000, 0x00000000cc900000, 0x00000000cca00000|  0%| F|  |TAMS 0x00000000cc900000, 0x00000000cc900000| Untracked 
|  44|0x00000000cca00000, 0x00000000cca00000, 0x00000000ccb00000|  0%| F|  |TAMS 0x00000000cca00000, 0x00000000cca00000| Untracked 
|  45|0x00000000ccb00000, 0x00000000ccb00000, 0x00000000ccc00000|  0%| F|  |TAMS 0x00000000ccb00000, 0x00000000ccb00000| Untracked 
|  46|0x00000000ccc00000, 0x00000000ccc00000, 0x00000000ccd00000|  0%| F|  |TAMS 0x00000000ccc00000, 0x00000000ccc00000| Untracked 
|  47|0x00000000ccd00000, 0x00000000ccd00000, 0x00000000cce00000|  0%| F|  |TAMS 0x00000000ccd00000, 0x00000000ccd00000| Untracked 
|  48|0x00000000cce00000, 0x00000000cce00000, 0x00000000ccf00000|  0%| F|  |TAMS 0x00000000cce00000, 0x00000000cce00000| Untracked 
|  49|0x00000000ccf00000, 0x00000000ccf00000, 0x00000000cd000000|  0%| F|  |TAMS 0x00000000ccf00000, 0x00000000ccf00000| Untracked 
|  50|0x00000000cd000000, 0x00000000cd000000, 0x00000000cd100000|  0%| F|  |TAMS 0x00000000cd000000, 0x00000000cd000000| Untracked 
|  51|0x00000000cd100000, 0x00000000cd1b0a38, 0x00000000cd200000| 68%| E|  |TAMS 0x00000000cd100000, 0x00000000cd100000| Complete 
|  52|0x00000000cd200000, 0x00000000cd300000, 0x00000000cd300000|100%| E|CS|TAMS 0x00000000cd200000, 0x00000000cd200000| Complete 
|  53|0x00000000cd300000, 0x00000000cd400000, 0x00000000cd400000|100%| E|CS|TAMS 0x00000000cd300000, 0x00000000cd300000| Complete 
|  54|0x00000000cd400000, 0x00000000cd500000, 0x00000000cd500000|100%| E|CS|TAMS 0x00000000cd400000, 0x00000000cd400000| Complete 
|  55|0x00000000cd500000, 0x00000000cd600000, 0x00000000cd600000|100%| E|CS|TAMS 0x00000000cd500000, 0x00000000cd500000| Complete 

Card table byte_map: [0x0000028df9980000,0x0000028df9b40000] _byte_map_base: 0x0000028df9331000

Marking Bits (Prev, Next): (CMBitMap*) 0x0000028df9c352d0, (CMBitMap*) 0x0000028df9c35310
 Prev Bits: [0x0000028dfd470000, 0x0000028dfe1f8000)
 Next Bits: [0x0000028dfe200000, 0x0000028dfef88000)

Polling page: 0x0000028df7aa0000

Metaspace:

Usage:
  Non-class:     11.49 MB used.
      Class:      1.31 MB used.
       Both:     12.80 MB used.

Virtual space:
  Non-class space:       16.00 MB reserved,      11.56 MB ( 72%) committed,  2 nodes.
      Class space:        1.00 GB reserved,       1.44 MB ( <1%) committed,  1 nodes.
             Both:        1.02 GB reserved,      13.00 MB (  1%) committed. 

Chunk freelists:
   Non-Class:  237.00 KB
       Class:  2.62 MB
        Both:  2.85 MB

MaxMetaspaceSize: unlimited
CompressedClassSpaceSize: 1.00 GB
Initial GC threshold: 21.00 MB
Current GC threshold: 21.00 MB
CDS: off
MetaspaceReclaimPolicy: balanced
 - commit_granule_bytes: 65536.
 - commit_granule_words: 8192.
 - virtual_space_node_default_size: 1048576.
 - enlarge_chunks_in_place: 1.
 - new_chunks_are_fully_committed: 0.
 - uncommit_free_chunks: 1.
 - use_allocation_guard: 0.
 - handle_deallocations: 1.


Internal statistics:

num_allocs_failed_limit: 0.
num_arena_births: 106.
num_arena_deaths: 0.
num_vsnodes_births: 3.
num_vsnodes_deaths: 0.
num_space_committed: 208.
num_space_uncommitted: 0.
num_chunks_returned_to_freelist: 0.
num_chunks_taken_from_freelist: 150.
num_chunk_merges: 0.
num_chunk_splits: 86.
num_chunks_enlarged: 49.
num_purges: 0.
num_inconsistent_stats: 0.

CodeHeap 'non-profiled nmethods': size=120064Kb used=161Kb max_used=161Kb free=119903Kb
 bounds [0x0000028d87ac0000, 0x0000028d87d30000, 0x0000028d8f000000]
CodeHeap 'profiled nmethods': size=120000Kb used=858Kb max_used=858Kb free=119141Kb
 bounds [0x0000028d80590000, 0x0000028d80800000, 0x0000028d87ac0000]
CodeHeap 'non-nmethods': size=5696Kb used=1237Kb max_used=1237Kb free=4459Kb
 bounds [0x0000028d80000000, 0x0000028d80270000, 0x0000028d80590000]
 total_blobs=1143 nmethods=590 adapters=466
 compilation: enabled
              stopped_count=0, restarted_count=0
 full_count=0

Compilation events (20 events):
Event: 0.931 Thread 0x0000028dff3ab380 nmethod 573 0x0000028d80661790 code [0x0000028d80661960, 0x0000028d80661d58]
Event: 0.933 Thread 0x0000028dff3ab380  574       3       jdk.internal.logger.LazyLoggers$LazyLoggerWrapper::platformProxy (10 bytes)
Event: 0.933 Thread 0x0000028dff3ab380 nmethod 574 0x0000028d80661e90 code [0x0000028d80662040, 0x0000028d806621c8]
Event: 0.933 Thread 0x0000028dff3ab380  575   !   3       jdk.internal.logger.LazyLoggers$LazyLoggerAccessor::platform (103 bytes)
Event: 0.933 Thread 0x0000028dff3ab380 nmethod 575 0x0000028d80662310 code [0x0000028d80662560, 0x0000028d80663208]
Event: 0.934 Thread 0x0000028dff3ab380  576       3       jdk.internal.logger.SurrogateLogger::defaultPlatformLevel (4 bytes)
Event: 0.934 Thread 0x0000028dff3ab380 nmethod 576 0x0000028d80663510 code [0x0000028d806636a0, 0x0000028d806637b8]
Event: 1.001 Thread 0x0000028dff3ab380  577       3       java.security.AccessController::executePrivileged (65 bytes)
Event: 1.001 Thread 0x0000028dff3ab380 nmethod 577 0x0000028d80663890 code [0x0000028d80663a60, 0x0000028d80663d58]
Event: 1.003 Thread 0x0000028dff3ab380  578       1       java.lang.Boolean::booleanValue (5 bytes)
Event: 1.003 Thread 0x0000028dff3ab380 nmethod 578 0x0000028d87ae7090 code [0x0000028d87ae7220, 0x0000028d87ae72f8]
Event: 1.011 Thread 0x0000028dff3ab380  579       3       jdk.internal.loader.NativeLibraries$NativeLibraryImpl::find (6 bytes)
Event: 1.011 Thread 0x0000028dff3ab380 nmethod 579 0x0000028d80663e90 code [0x0000028d80664020, 0x0000028d80664148]
Event: 1.014 Thread 0x0000028dff3ab380  583       3       java.nio.Buffer::nextGetIndex (30 bytes)
Event: 1.014 Thread 0x0000028dff3ab380 nmethod 583 0x0000028d80664210 code [0x0000028d806643c0, 0x0000028d80664588]
Event: 1.014 Thread 0x0000028dff3ab380  584   !   3       jdk.internal.misc.ScopedMemoryAccess::getShortUnaligned (22 bytes)
Event: 1.014 Thread 0x0000028dff3ab380 nmethod 584 0x0000028d80664690 code [0x0000028d80664880, 0x0000028d80664d88]
Event: 1.014 Thread 0x0000028dff3ab380  586       3       jdk.internal.misc.Unsafe::getShortUnaligned (12 bytes)
Event: 1.015 Thread 0x0000028dff3ab380 nmethod 586 0x0000028d80665010 code [0x0000028d806651c0, 0x0000028d806653f8]
Event: 1.015 Thread 0x0000028dff3ab380  587       3       jdk.internal.misc.Unsafe::getShortUnaligned (33 bytes)

GC Heap History (0 events):
No events

Deoptimization events (2 events):
Event: 0.880 Thread 0x0000028df9bfc5e0 DEOPT PACKING pc=0x0000028d805b4b67 sp=0x000000f96a5fc9b0
Event: 0.880 Thread 0x0000028df9bfc5e0 DEOPT UNPACKING pc=0x0000028d80052b43 sp=0x000000f96a5fbdd0 mode 0

Classes unloaded (0 events):
No events

Classes redefined (0 events):
No events

Internal exceptions (12 events):
Event: 0.229 Thread 0x0000028df9bfc5e0 Exception <a 'java/lang/ClassNotFoundException'{0x00000000cd5f5280}: sun/awt/resources/spi/awtProvider> (0x00000000cd5f5280) 
thrown [s\src\hotspot\share\classfile\systemDictionary.cpp, line 256]
Event: 0.302 Thread 0x0000028df9bfc5e0 Exception <a 'java/io/FileNotFoundException'{0x00000000cd4506a8}> (0x00000000cd4506a8) 
thrown [s\src\hotspot\share\prims\jni.cpp, line 516]
Event: 0.340 Thread 0x0000028df9bfc5e0 Exception <a 'java/io/FileNotFoundException'{0x00000000cd47dbc0}> (0x00000000cd47dbc0) 
thrown [s\src\hotspot\share\prims\jni.cpp, line 516]
Event: 0.409 Thread 0x0000028df9bfc5e0 Exception <a 'java/lang/NoSuchMethodError'{0x00000000cd4cf720}: 'java.lang.Object java.lang.invoke.DirectMethodHandle$Holder.invokeStaticInit(java.lang.Object)'> (0x00000000cd4cf720) 
thrown [s\src\hotspot\share\interpreter\linkResolver.cpp, line 759]
Event: 0.627 Thread 0x0000028df9bfc5e0 Exception <a 'java/lang/NoSuchMethodError'{0x00000000cd322150}: 'void java.lang.invoke.DirectMethodHandle$Holder.invokeSpecial(java.lang.Object, java.lang.Object, java.lang.Object)'> (0x00000000cd322150) 
thrown [s\src\hotspot\share\interpreter\linkResolver.cpp, line 759]
Event: 0.644 Thread 0x0000028df9bfc5e0 Exception <a 'java/lang/NoSuchMethodError'{0x00000000cd34c5a8}: 'java.lang.Object java.lang.invoke.DirectMethodHandle$Holder.newInvokeSpecial(java.lang.Object, java.lang.Object, java.lang.Object, java.lang.Object, java.lang.Object)'> (0x00000000cd34c5a8) 
thrown [s\src\hotspot\share\interpreter\linkResolver.cpp, line 759]
Event: 0.647 Thread 0x0000028df9bfc5e0 Exception <a 'java/lang/NoSuchMethodError'{0x00000000cd357f70}: 'java.lang.Object java.lang.invoke.DirectMethodHandle$Holder.invokeStatic(java.lang.Object, int, java.lang.Object, java.lang.Object, java.lang.Object, java.lang.Object)'> (0x00000000cd357f70) 
thrown [s\src\hotspot\share\interpreter\linkResolver.cpp, line 759]
Event: 0.655 Thread 0x0000028df9bfc5e0 Exception <a 'java/lang/NoSuchMethodError'{0x00000000cd37dc08}: 'java.lang.Object java.lang.invoke.DirectMethodHandle$Holder.invokeStatic(java.lang.Object, int, java.lang.Object)'> (0x00000000cd37dc08) 
thrown [s\src\hotspot\share\interpreter\linkResolver.cpp, line 759]
Event: 0.701 Thread 0x0000028df9bfc5e0 Exception <a 'java/lang/ClassNotFoundException'{0x00000000cd236930}: com/sun/swing/internal/plaf/metal/resources/spi/metalProvider> (0x00000000cd236930) 
thrown [s\src\hotspot\share\classfile\systemDictionary.cpp, line 256]
Event: 0.703 Thread 0x0000028df9bfc5e0 Exception <a 'java/lang/ClassNotFoundException'{0x00000000cd23b388}: com/sun/swing/internal/plaf/basic/resources/spi/basicProvider> (0x00000000cd23b388) 
thrown [s\src\hotspot\share\classfile\systemDictionary.cpp, line 256]
Event: 0.803 Thread 0x0000028df9bfc5e0 Exception <a 'java/lang/NoSuchMethodError'{0x00000000cd2d8780}: 'void java.lang.invoke.DirectMethodHandle$Holder.invokeStaticInit(java.lang.Object)'> (0x00000000cd2d8780) 
thrown [s\src\hotspot\share\interpreter\linkResolver.cpp, line 759]
Event: 0.924 Thread 0x0000028d913e6790 Exception <a 'java/lang/NoSuchMethodError'{0x00000000cd283ec0}: 'void java.lang.invoke.DirectMethodHandle$Holder.invokeVirtual(java.lang.Object, java.lang.Object)'> (0x00000000cd283ec0) 
thrown [s\src\hotspot\share\interpreter\linkResolver.cpp, line 759]

VM Operations (10 events):
Event: 0.701 Executing VM operation: HandshakeAllThreads
Event: 0.701 Executing VM operation: HandshakeAllThreads done
Event: 0.758 Executing VM operation: HandshakeAllThreads
Event: 0.758 Executing VM operation: HandshakeAllThreads done
Event: 0.761 Executing VM operation: HandshakeAllThreads
Event: 0.761 Executing VM operation: HandshakeAllThreads done
Event: 0.875 Executing VM operation: HandshakeAllThreads
Event: 0.875 Executing VM operation: HandshakeAllThreads done
Event: 0.928 Executing VM operation: HandshakeAllThreads
Event: 0.928 Executing VM operation: HandshakeAllThreads done

Events (20 events):
Event: 1.012 loading class sun/nio/ch/Util done
Event: 1.012 loading class sun/nio/ch/Util$1
Event: 1.012 loading class sun/nio/ch/Util$1 done
Event: 1.012 loading class sun/nio/ch/Util$BufferCache
Event: 1.012 loading class sun/nio/ch/Util$BufferCache done
Event: 1.012 loading class java/nio/DirectByteBuffer$Deallocator
Event: 1.012 loading class java/nio/DirectByteBuffer$Deallocator done
Event: 1.012 loading class java/nio/ByteBufferAsIntBufferB
Event: 1.013 loading class java/nio/ByteBufferAsIntBufferB done
Event: 1.013 loading class sun/font/TrueTypeFont$DirectoryEntry
Event: 1.013 loading class sun/font/TrueTypeFont$DirectoryEntry done
Event: 1.013 loading class java/nio/ByteBufferAsShortBufferB
Event: 1.013 loading class java/nio/ShortBuffer
Event: 1.013 loading class java/nio/ShortBuffer done
Event: 1.013 loading class java/nio/ByteBufferAsShortBufferB done
Event: 1.014 loading class sun/nio/cs/UTF_16$Decoder
Event: 1.014 loading class sun/nio/cs/UnicodeDecoder
Event: 1.014 loading class sun/nio/cs/UnicodeDecoder done
Event: 1.014 loading class sun/nio/cs/UTF_16$Decoder done
Event: 1.014 loading class sun/font/FileFontStrike


Dynamic libraries:
0x00007ff6928a0000 - 0x00007ff6928ae000 	C:\Eclipse\eclipse escritorio\plugins\org.eclipse.justj.openjdk.hotspot.jre.full.win32.x86_64_17.0.4.v20220903-1038\jre\bin\javaw.exe
0x00007ffb876b0000 - 0x00007ffb878a8000 	C:\WINDOWS\SYSTEM32\ntdll.dll
0x00007ffb86ff0000 - 0x00007ffb870af000 	C:\WINDOWS\System32\KERNEL32.DLL
0x00007ffb85420000 - 0x00007ffb856f2000 	C:\WINDOWS\System32\KERNELBASE.dll
0x00007ffb85150000 - 0x00007ffb85250000 	C:\WINDOWS\System32\ucrtbase.dll
0x00007ffb79480000 - 0x00007ffb79498000 	C:\Eclipse\eclipse escritorio\plugins\org.eclipse.justj.openjdk.hotspot.jre.full.win32.x86_64_17.0.4.v20220903-1038\jre\bin\jli.dll
0x00007ffb85700000 - 0x00007ffb858a1000 	C:\WINDOWS\System32\USER32.dll
0x00007ffb85070000 - 0x00007ffb85092000 	C:\WINDOWS\System32\win32u.dll
0x00007ffb86c30000 - 0x00007ffb86c5b000 	C:\WINDOWS\System32\GDI32.dll
0x00007ffb84db0000 - 0x00007ffb84ebf000 	C:\WINDOWS\System32\gdi32full.dll
0x00007ffb84fd0000 - 0x00007ffb8506d000 	C:\WINDOWS\System32\msvcp_win.dll
0x00007ffb7d2d0000 - 0x00007ffb7d2e9000 	C:\Eclipse\eclipse escritorio\plugins\org.eclipse.justj.openjdk.hotspot.jre.full.win32.x86_64_17.0.4.v20220903-1038\jre\bin\VCRUNTIME140.dll
0x00007ffb70c10000 - 0x00007ffb70eaa000 	C:\WINDOWS\WinSxS\amd64_microsoft.windows.common-controls_6595b64144ccf1df_6.0.19041.1110_none_60b5254171f9507e\COMCTL32.dll
0x00007ffb86f50000 - 0x00007ffb86fee000 	C:\WINDOWS\System32\msvcrt.dll
0x00007ffb86bf0000 - 0x00007ffb86c20000 	C:\WINDOWS\System32\IMM32.DLL
0x0000000058b90000 - 0x0000000058b9c000 	C:\Program Files (x86)\360\Total Security\safemon\SafeWrapper.dll
0x00007ffb86ae0000 - 0x00007ffb86b8e000 	C:\WINDOWS\System32\ADVAPI32.dll
0x00007ffb860b0000 - 0x00007ffb8614c000 	C:\WINDOWS\System32\sechost.dll
0x00007ffb86e10000 - 0x00007ffb86f34000 	C:\WINDOWS\System32\RPCRT4.dll
0x00007ffb5e4f0000 - 0x00007ffb5e582000 	C:\Program Files (x86)\360\Total Security\safemon\libzdtp64.dll
0x00007ffb861b0000 - 0x00007ffb868f5000 	C:\WINDOWS\System32\SHELL32.dll
0x00007ffb85f00000 - 0x00007ffb85f55000 	C:\WINDOWS\System32\SHLWAPI.dll
0x00007ffb84a90000 - 0x00007ffb84a9a000 	C:\WINDOWS\SYSTEM32\VERSION.dll
0x00007ffb7de10000 - 0x00007ffb7de1c000 	C:\Eclipse\eclipse escritorio\plugins\org.eclipse.justj.openjdk.hotspot.jre.full.win32.x86_64_17.0.4.v20220903-1038\jre\bin\vcruntime140_1.dll
0x00007ffb5e450000 - 0x00007ffb5e4e1000 	C:\Eclipse\eclipse escritorio\plugins\org.eclipse.justj.openjdk.hotspot.jre.full.win32.x86_64_17.0.4.v20220903-1038\jre\bin\msvcp140.dll
0x00007ffb59190000 - 0x00007ffb59dd6000 	C:\Eclipse\eclipse escritorio\plugins\org.eclipse.justj.openjdk.hotspot.jre.full.win32.x86_64_17.0.4.v20220903-1038\jre\bin\server\jvm.dll
0x00007ffb85ef0000 - 0x00007ffb85ef8000 	C:\WINDOWS\System32\PSAPI.DLL
0x00007ffb7d280000 - 0x00007ffb7d289000 	C:\WINDOWS\SYSTEM32\WSOCK32.dll
0x00007ffb86040000 - 0x00007ffb860ab000 	C:\WINDOWS\System32\WS2_32.dll
0x00007ffb7bd50000 - 0x00007ffb7bd77000 	C:\WINDOWS\SYSTEM32\WINMM.dll
0x00007ffb82660000 - 0x00007ffb82672000 	C:\WINDOWS\SYSTEM32\kernel.appcore.dll
0x00007ffb7d0c0000 - 0x00007ffb7d0ca000 	C:\Eclipse\eclipse escritorio\plugins\org.eclipse.justj.openjdk.hotspot.jre.full.win32.x86_64_17.0.4.v20220903-1038\jre\bin\jimage.dll
0x00007ffb846e0000 - 0x00007ffb848c4000 	C:\WINDOWS\SYSTEM32\DBGHELP.DLL
0x00007ffb84300000 - 0x00007ffb84335000 	C:\WINDOWS\SYSTEM32\dbgcore.DLL
0x00007ffb84ef0000 - 0x00007ffb84f72000 	C:\WINDOWS\System32\bcryptPrimitives.dll
0x00007ffb73390000 - 0x00007ffb733b5000 	C:\Eclipse\eclipse escritorio\plugins\org.eclipse.justj.openjdk.hotspot.jre.full.win32.x86_64_17.0.4.v20220903-1038\jre\bin\java.dll
0x00007ffb7d0a0000 - 0x00007ffb7d0b8000 	C:\Eclipse\eclipse escritorio\plugins\org.eclipse.justj.openjdk.hotspot.jre.full.win32.x86_64_17.0.4.v20220903-1038\jre\bin\zip.dll
0x00007ffb827d0000 - 0x00007ffb82f62000 	C:\WINDOWS\SYSTEM32\windows.storage.dll
0x00007ffb85aa0000 - 0x00007ffb85df5000 	C:\WINDOWS\System32\combase.dll
0x00007ffb842d0000 - 0x00007ffb84300000 	C:\WINDOWS\SYSTEM32\Wldp.dll
0x00007ffb875c0000 - 0x00007ffb8766d000 	C:\WINDOWS\System32\SHCORE.dll
0x00007ffb84cf0000 - 0x00007ffb84d0f000 	C:\WINDOWS\SYSTEM32\profapi.dll
0x00007ffb15950000 - 0x00007ffb15ade000 	C:\Eclipse\eclipse escritorio\plugins\org.eclipse.justj.openjdk.hotspot.jre.full.win32.x86_64_17.0.4.v20220903-1038\jre\bin\awt.dll
0x00007ffb859d0000 - 0x00007ffb85a9d000 	C:\WINDOWS\System32\OLEAUT32.dll
0x00007ffb81810000 - 0x00007ffb818a0000 	C:\WINDOWS\SYSTEM32\apphelp.dll
0x00007ffb82330000 - 0x00007ffb8235f000 	C:\WINDOWS\system32\DWMAPI.DLL
0x00007ffb818c0000 - 0x00007ffb8195e000 	C:\WINDOWS\system32\uxtheme.dll
0x00007ffb55a70000 - 0x00007ffb55b95000 	C:\WINDOWS\system32\opengl32.dll
0x00007ffb5d7c0000 - 0x00007ffb5d7ec000 	C:\WINDOWS\SYSTEM32\GLU32.dll
0x00007ffb858b0000 - 0x00007ffb859c4000 	C:\WINDOWS\System32\MSCTF.dll
0x00007ffb86900000 - 0x00007ffb86a2a000 	C:\WINDOWS\System32\ole32.dll
0x00007ffb55ba0000 - 0x00007ffb55d6e000 	C:\WINDOWS\system32\d3d9.dll
0x00007ffb7bd80000 - 0x00007ffb7bf3b000 	C:\WINDOWS\System32\DriverStore\FileRepository\u0385914.inf_amd64_728327554da2f068\B382773\aticfx64.dll
0x00007ffb6eb10000 - 0x00007ffb6eb44000 	C:\WINDOWS\System32\DriverStore\FileRepository\u0385914.inf_amd64_728327554da2f068\B382773\atiu9p64.dll
0x00007ffb14500000 - 0x00007ffb15255000 	C:\WINDOWS\System32\DriverStore\FileRepository\u0385914.inf_amd64_728327554da2f068\B382773\atiumd64.dll
0x0000000057b20000 - 0x0000000058a47000 	C:\WINDOWS\System32\DriverStore\FileRepository\u0385914.inf_amd64_728327554da2f068\B382773\atiumd6a.dll
0x00007ffb870b0000 - 0x00007ffb87518000 	C:\WINDOWS\System32\SETUPAPI.dll
0x00007ffb84f80000 - 0x00007ffb84fce000 	C:\WINDOWS\System32\cfgmgr32.dll
0x00007ffb84ec0000 - 0x00007ffb84ee7000 	C:\WINDOWS\System32\bcrypt.dll
0x00007ffb84b20000 - 0x00007ffb84b6b000 	C:\WINDOWS\SYSTEM32\POWRPROF.dll
0x00007ffb84b00000 - 0x00007ffb84b12000 	C:\WINDOWS\SYSTEM32\UMPDC.dll
0x00007ffb76350000 - 0x00007ffb76385000 	C:\WINDOWS\SYSTEM32\amdihk64.dll
0x00007ffb43010000 - 0x00007ffb43096000 	C:\Eclipse\eclipse escritorio\plugins\org.eclipse.justj.openjdk.hotspot.jre.full.win32.x86_64_17.0.4.v20220903-1038\jre\bin\freetype.dll
0x00007ffb31750000 - 0x00007ffb317f8000 	C:\Eclipse\eclipse escritorio\plugins\org.eclipse.justj.openjdk.hotspot.jre.full.win32.x86_64_17.0.4.v20220903-1038\jre\bin\fontmanager.dll
0x00007ffb7f420000 - 0x00007ffb7f5d4000 	C:\WINDOWS\SYSTEM32\WindowsCodecs.dll
0x00007ffb6d7d0000 - 0x00007ffb6d80e000 	C:\WINDOWS\system32\dataexchange.dll
0x00007ffb80280000 - 0x00007ffb804e3000 	C:\WINDOWS\system32\d3d11.dll
0x00007ffb80d10000 - 0x00007ffb80ef3000 	C:\WINDOWS\system32\dcomp.dll
0x00007ffb82fd0000 - 0x00007ffb830c3000 	C:\WINDOWS\system32\dxgi.dll
0x00007ffb7f100000 - 0x00007ffb7f300000 	C:\WINDOWS\system32\twinapi.appcore.dll
0x00007ffb72e10000 - 0x00007ffb72f09000 	C:\WINDOWS\SYSTEM32\textinputframework.dll
0x00007ffb81280000 - 0x00007ffb815de000 	C:\WINDOWS\System32\CoreUIComponents.dll
0x00007ffb815e0000 - 0x00007ffb816d2000 	C:\WINDOWS\System32\CoreMessaging.dll
0x00007ffb849b0000 - 0x00007ffb849e3000 	C:\WINDOWS\SYSTEM32\ntmarta.dll
0x00007ffb80bb0000 - 0x00007ffb80d04000 	C:\WINDOWS\SYSTEM32\wintypes.dll
0x00007ffb7cd70000 - 0x00007ffb7cd89000 	C:\Eclipse\eclipse escritorio\plugins\org.eclipse.justj.openjdk.hotspot.jre.full.win32.x86_64_17.0.4.v20220903-1038\jre\bin\net.dll
0x00007ffb78ee0000 - 0x00007ffb78fea000 	C:\WINDOWS\SYSTEM32\WINHTTP.dll
0x00007ffb84050000 - 0x00007ffb840ba000 	C:\WINDOWS\system32\mswsock.dll
0x00007ffb7c940000 - 0x00007ffb7c955000 	C:\Eclipse\eclipse escritorio\plugins\org.eclipse.justj.openjdk.hotspot.jre.full.win32.x86_64_17.0.4.v20220903-1038\jre\bin\nio.dll

dbghelp: loaded successfully - version: 4.0.5 - missing functions: none
symbol engine: initialized successfully - sym options: 0x614 - pdb path: .;C:\Eclipse\eclipse escritorio\plugins\org.eclipse.justj.openjdk.hotspot.jre.full.win32.x86_64_17.0.4.v20220903-1038\jre\bin;C:\WINDOWS\SYSTEM32;C:\WINDOWS\WinSxS\amd64_microsoft.windows.common-controls_6595b64144ccf1df_6.0.19041.1110_none_60b5254171f9507e;C:\Program Files (x86)\360\Total Security\safemon;C:\Eclipse\eclipse escritorio\plugins\org.eclipse.justj.openjdk.hotspot.jre.full.win32.x86_64_17.0.4.v20220903-1038\jre\bin\server;C:\WINDOWS\System32\DriverStore\FileRepository\u0385914.inf_amd64_728327554da2f068\B382773

VM Arguments:
jvm_args: -Dfile.encoding=UTF-8 -XX:+ShowCodeDetailsInExceptionMessages 
java_command: Interfaz.J29JTextField
java_class_path (initial): C:\Eclipse\workspace\CursoJavaCero\bin
Launcher Type: SUN_STANDARD

[Global flags]
     intx CICompilerCount                          = 2                                         {product} {ergonomic}
     uint ConcGCThreads                            = 1                                         {product} {ergonomic}
     uint G1ConcRefinementThreads                  = 2                                         {product} {ergonomic}
   size_t G1HeapRegionSize                         = 1048576                                   {product} {ergonomic}
    uintx GCDrainStackTargetSize                   = 64                                        {product} {ergonomic}
   size_t InitialHeapSize                          = 58720256                                  {product} {ergonomic}
   size_t MarkStackSize                            = 4194304                                   {product} {ergonomic}
   size_t MaxHeapSize                              = 908066816                                 {product} {ergonomic}
   size_t MaxNewSize                               = 544210944                                 {product} {ergonomic}
   size_t MinHeapDeltaBytes                        = 1048576                                   {product} {ergonomic}
   size_t MinHeapSize                              = 8388608                                   {product} {ergonomic}
    uintx NonNMethodCodeHeapSize                   = 5826188                                {pd product} {ergonomic}
    uintx NonProfiledCodeHeapSize                  = 122916026                              {pd product} {ergonomic}
    uintx ProfiledCodeHeapSize                     = 122916026                              {pd product} {ergonomic}
    uintx ReservedCodeCacheSize                    = 251658240                              {pd product} {ergonomic}
     bool SegmentedCodeCache                       = true                                      {product} {ergonomic}
     bool ShowCodeDetailsInExceptionMessages       = true                                   {manageable} {command line}
   size_t SoftMaxHeapSize                          = 908066816                              {manageable} {ergonomic}
     bool UseCompressedClassPointers               = true                           {product lp64_product} {ergonomic}
     bool UseCompressedOops                        = true                           {product lp64_product} {ergonomic}
     bool UseG1GC                                  = true                                      {product} {ergonomic}
     bool UseLargePagesIndividualAllocation        = false                                  {pd product} {ergonomic}

Logging:
Log output configuration:
 #0: stdout all=warning uptime,level,tags
 #1: stderr all=off uptime,level,tags

Environment Variables:
JAVA_HOME=C:\Program Files\Java\jdk-19
PATH=C:/Eclipse/eclipse escritorio//plugins/org.eclipse.justj.openjdk.hotspot.jre.full.win32.x86_64_17.0.4.v20220903-1038/jre/bin/server;C:/Eclipse/eclipse escritorio//plugins/org.eclipse.justj.openjdk.hotspot.jre.full.win32.x86_64_17.0.4.v20220903-1038/jre/bin;C:\Program Files\Common Files\Oracle\Java\javapath;C:\Program Files (x86)\Common Files\Oracle\Java\javapath;C:\WINDOWS\system32;C:\WINDOWS;C:\WINDOWS\System32\Wbem;C:\WINDOWS\System32\WindowsPowerShell\v1.0\;C:\WINDOWS\System32\OpenSSH\;C:\Users\Lenovo\OneDrive\Documentos\Programacion\java19s1\jdk-19\bin;C:\Users\Lenovo\AppData\Local\Programs\Python\Python311\Scripts\;C:\Users\Lenovo\AppData\Local\Programs\Python\Python311\;C:\Users\Lenovo\AppData\Local\Microsoft\WindowsApps;C:\Program Files\Java\jdk-19\bin;C:\Users\Lenovo\AppData\Local\Programs\Microsoft VS Code\bin;;C:\Eclipse\eclipse escritorio;
USERNAME=Lenovo
OS=Windows_NT
PROCESSOR_IDENTIFIER=AMD64 Family 23 Model 24 Stepping 1, AuthenticAMD
TMP=C:\Users\Lenovo\AppData\Local\Temp
TEMP=C:\Users\Lenovo\AppData\Local\Temp



---------------  S Y S T E M  ---------------

OS:
 Windows 10 , 64 bit Build 19041 (10.0.19041.2546)
OS uptime: 1 days 23:05 hours

CPU: total 2 (initial active 2) (2 cores per cpu, 1 threads per core) family 23 model 24 stepping 1 microcode 0x0, cx8, cmov, fxsr, mmx, 3dnowpref, sse, sse2, sse3, ssse3, sse4a, sse4.1, sse4.2, popcnt, lzcnt, tsc, tscinvbit, avx, avx2, aes, clmul, bmi1, bmi2, adx, sha, fma, vzeroupper, clflush, clflushopt

Memory: 4k page, system-wide physical 3460M (318M free)
TotalPageFile size 6148M (AvailPageFile size 2M)
current process WorkingSet (physical memory assigned to process): 60M, peak: 60M
current process commit charge ("private bytes"): 138M, peak: 138M

vm_info: OpenJDK 64-Bit Server VM (17.0.4.1+1) for windows-amd64 JRE (17.0.4.1+1), built on Aug 17 2022 07:42:43 by "temurin" with MS VC++ 16.7 (VS2019)

END.
