#
# There is insufficient memory for the Java Runtime Environment to continue.
# Native memory allocation (mmap) failed to map 65536 bytes for Failed to commit metaspace.
# Possible reasons:
#   The system is out of physical RAM or swap space
#   The process is running with CompressedOops enabled, and the Java Heap may be blocking the growth of the native heap
# Possible solutions:
#   Reduce memory load on the system
#   Increase physical memory or swap space
#   Check if swap backing store is full
#   Decrease Java heap size (-Xmx/-Xms)
#   Decrease number of Java threads
#   Decrease Java thread stack sizes (-Xss)
#   Set larger code cache with -XX:ReservedCodeCacheSize=
#   JVM is running with Unscaled Compressed Oops mode in which the Java heap is
#     placed in the first 4GB address space. The Java Heap base address is the
#     maximum limit for the native heap growth. Please use -XX:HeapBaseMinAddress
#     to set the Java Heap base and to place the Java Heap above 4GB virtual address.
# This output file may be truncated or incomplete.
#
#  Out of Memory Error (virtualSpaceNode.cpp:110), pid=8440, tid=7088
#
# JRE version: OpenJDK Runtime Environment Temurin-17.0.4.1+1 (17.0.4.1+1) (build 17.0.4.1+1)
# Java VM: OpenJDK 64-Bit Server VM Temurin-17.0.4.1+1 (17.0.4.1+1, mixed mode, tiered, compressed oops, compressed class ptrs, g1 gc, windows-amd64)
# No core dump will be written. Minidumps are not enabled by default on client versions of Windows
#

---------------  S U M M A R Y ------------

Command Line: -Dfile.encoding=UTF-8 -XX:+ShowCodeDetailsInExceptionMessages Interfaz.j28anterior

Host: AMD Athlon Silver 3050U with Radeon Graphics   , 2 cores, 3G,  Windows 10 , 64 bit Build 19041 (10.0.19041.2546)
Time: Sun Apr  2 19:46:47 2023 Hora est. Pacífico, Sudamérica elapsed time: 0.676151 seconds (0d 0h 0m 0s)

---------------  T H R E A D  ---------------

Current thread (0x000002d57e8c3d50):  JavaThread "AWT-EventQueue-0" [_thread_in_vm, id=7088, stack(0x000000ebe1500000,0x000000ebe1600000)]

Stack: [0x000000ebe1500000,0x000000ebe1600000]
Native frames: (J=compiled Java code, j=interpreted, Vv=VM code, C=native code)
V  [jvm.dll+0x67731a]
V  [jvm.dll+0x832284]
V  [jvm.dll+0x833a2e]
V  [jvm.dll+0x834093]
V  [jvm.dll+0x245775]
V  [jvm.dll+0x82e22b]
V  [jvm.dll+0x61bdf6]
V  [jvm.dll+0x1c07be]
V  [jvm.dll+0x61e741]
V  [jvm.dll+0x61c796]
V  [jvm.dll+0x6265e7]
V  [jvm.dll+0x1ea5db]
V  [jvm.dll+0x1eab15]
V  [jvm.dll+0x1eb54f]
V  [jvm.dll+0x1e09f1]
V  [jvm.dll+0x53c910]
V  [jvm.dll+0x1f11e7]
V  [jvm.dll+0x7ac56b]
V  [jvm.dll+0x7ad912]
V  [jvm.dll+0x7ae0a9]
V  [jvm.dll+0x1eb804]
V  [jvm.dll+0x1e0a0a]
V  [jvm.dll+0x53c910]
V  [jvm.dll+0x1f11e7]
V  [jvm.dll+0x7ac56b]
V  [jvm.dll+0x7ad912]
V  [jvm.dll+0x7adc48]
V  [jvm.dll+0x23db7e]
V  [jvm.dll+0x23ddcf]
V  [jvm.dll+0x559f88]
V  [jvm.dll+0x55ce37]
V  [jvm.dll+0x383307]
V  [jvm.dll+0x38295f]
C  0x000002d50001a582

Java frames: (J=compiled Java code, j=interpreted, Vv=VM code)
j  java.util.concurrent.locks.AbstractQueuedSynchronizer$ConditionObject.await()V+105 java.base@17.0.4.1
j  java.awt.EventQueue.getNextEvent()Ljava/awt/AWTEvent;+52 java.desktop@17.0.4.1
j  java.awt.EventDispatchThread.pumpOneEventForFilters(I)V+20 java.desktop@17.0.4.1
j  java.awt.EventDispatchThread.pumpEventsForFilter(ILjava/awt/Conditional;Ljava/awt/EventFilter;)V+35 java.desktop@17.0.4.1
j  java.awt.EventDispatchThread.pumpEventsForHierarchy(ILjava/awt/Conditional;Ljava/awt/Component;)V+11 java.desktop@17.0.4.1
j  java.awt.EventDispatchThread.pumpEvents(ILjava/awt/Conditional;)V+4 java.desktop@17.0.4.1
j  java.awt.EventDispatchThread.pumpEvents(Ljava/awt/Conditional;)V+3 java.desktop@17.0.4.1
j  java.awt.EventDispatchThread.run()V+9 java.desktop@17.0.4.1
v  ~StubRoutines::call_stub

---------------  P R O C E S S  ---------------

Threads class SMR info:
_java_thread_list=0x000002d57e8dece0, length=16, elements={
0x000002d57608de70, 0x000002d57d7e1020, 0x000002d57d7e4d20, 0x000002d57d7b4e00,
0x000002d57d7b56c0, 0x000002d57d7b6af0, 0x000002d57d7f8410, 0x000002d57d7fdff0,
0x000002d57d8027c0, 0x000002d57d815830, 0x000002d57e53af80, 0x000002d57e548730,
0x000002d57e812010, 0x000002d57e7fc5a0, 0x000002d57e7fca70, 0x000002d57e8c3d50
}

Java Threads: ( => current thread )
  0x000002d57608de70 JavaThread "main" [_thread_in_vm, id=7536, stack(0x000000ebdfd00000,0x000000ebdfe00000)]
  0x000002d57d7e1020 JavaThread "Reference Handler" daemon [_thread_blocked, id=4212, stack(0x000000ebe0400000,0x000000ebe0500000)]
  0x000002d57d7e4d20 JavaThread "Finalizer" daemon [_thread_blocked, id=6192, stack(0x000000ebe0500000,0x000000ebe0600000)]
  0x000002d57d7b4e00 JavaThread "Signal Dispatcher" daemon [_thread_blocked, id=9676, stack(0x000000ebe0600000,0x000000ebe0700000)]
  0x000002d57d7b56c0 JavaThread "Attach Listener" daemon [_thread_blocked, id=9648, stack(0x000000ebe0700000,0x000000ebe0800000)]
  0x000002d57d7b6af0 JavaThread "Service Thread" daemon [_thread_blocked, id=5792, stack(0x000000ebe0800000,0x000000ebe0900000)]
  0x000002d57d7f8410 JavaThread "Monitor Deflation Thread" daemon [_thread_blocked, id=1884, stack(0x000000ebe0900000,0x000000ebe0a00000)]
  0x000002d57d7fdff0 JavaThread "C2 CompilerThread0" daemon [_thread_blocked, id=8780, stack(0x000000ebe0a00000,0x000000ebe0b00000)]
  0x000002d57d8027c0 JavaThread "C1 CompilerThread0" daemon [_thread_blocked, id=5876, stack(0x000000ebe0b00000,0x000000ebe0c00000)]
  0x000002d57d815830 JavaThread "Sweeper thread" daemon [_thread_blocked, id=8752, stack(0x000000ebe0c00000,0x000000ebe0d00000)]
  0x000002d57e53af80 JavaThread "Notification Thread" daemon [_thread_blocked, id=6148, stack(0x000000ebe0d00000,0x000000ebe0e00000)]
  0x000002d57e548730 JavaThread "Common-Cleaner" daemon [_thread_blocked, id=5352, stack(0x000000ebe0f00000,0x000000ebe1000000)]
  0x000002d57e812010 JavaThread "Java2D Disposer" daemon [_thread_blocked, id=1996, stack(0x000000ebe1000000,0x000000ebe1100000)]
  0x000002d57e7fc5a0 JavaThread "AWT-Shutdown" [_thread_blocked, id=9248, stack(0x000000ebe1100000,0x000000ebe1200000)]
  0x000002d57e7fca70 JavaThread "AWT-Windows" daemon [_thread_in_native, id=1988, stack(0x000000ebe1200000,0x000000ebe1300000)]
=>0x000002d57e8c3d50 JavaThread "AWT-EventQueue-0" [_thread_in_vm, id=7088, stack(0x000000ebe1500000,0x000000ebe1600000)]

Other Threads:
  0x000002d57d77ec20 VMThread "VM Thread" [stack: 0x000000ebe0300000,0x000000ebe0400000] [id=4228]
  0x000002d57e53f460 WatcherThread [stack: 0x000000ebe0e00000,0x000000ebe0f00000] [id=9392]
  0x000002d5760c7da0 GCTaskThread "GC Thread#0" [stack: 0x000000ebdfe00000,0x000000ebdff00000] [id=4628]
  0x000002d5760cf920 ConcurrentGCThread "G1 Main Marker" [stack: 0x000000ebdff00000,0x000000ebe0000000] [id=7352]
  0x000002d5760d1080 ConcurrentGCThread "G1 Conc#0" [stack: 0x000000ebe0000000,0x000000ebe0100000] [id=8220]
  0x000002d576103e70 ConcurrentGCThread "G1 Refine#0" [stack: 0x000000ebe0100000,0x000000ebe0200000] [id=7476]
  0x000002d5761055e0 ConcurrentGCThread "G1 Service" [stack: 0x000000ebe0200000,0x000000ebe0300000] [id=9564]

Threads with active compile tasks:

VM state: not at safepoint (normal execution)

VM Mutex/Monitor currently owned by a thread:  ([mutex/lock_event])
[0x000002d573f8d8e0] Metaspace_lock - owner thread: 0x000002d57e8c3d50

Heap address: 0x00000000c9e00000, size: 866 MB, Compressed Oops mode: 32-bit

CDS archive(s) not mapped
Compressed class space mapped at: 0x0000000100000000-0x0000000140000000, reserved size: 1073741824
Narrow klass base: 0x0000000000000000, Narrow klass shift: 3, Narrow klass range: 0x140000000

GC Precious Log:
 CPUs: 2 total, 2 available
 Memory: 3460M
 Large Page Support: Disabled
 NUMA Support: Disabled
 Compressed Oops: Enabled (32-bit)
 Heap Region Size: 1M
 Heap Min Capacity: 8M
 Heap Initial Capacity: 56M
 Heap Max Capacity: 866M
 Pre-touch: Disabled
 Parallel Workers: 2
 Concurrent Workers: 1
 Concurrent Refinement Workers: 2
 Periodic GC: Disabled

Heap:
 garbage-first heap   total 57344K, used 4096K [0x00000000c9e00000, 0x0000000100000000)
  region size 1024K, 5 young (5120K), 0 survivors (0K)
 Metaspace       used 11312K, committed 11456K, reserved 1064960K
  class space    used 1102K, committed 1216K, reserved 1048576K

Heap Regions: E=young(eden), S=young(survivor), O=old, HS=humongous(starts), HC=humongous(continues), CS=collection set, F=free, OA=open archive, CA=closed archive, TAMS=top-at-mark-start (previous, next)
|   0|0x00000000c9e00000, 0x00000000c9e00000, 0x00000000c9f00000|  0%| F|  |TAMS 0x00000000c9e00000, 0x00000000c9e00000| Untracked 
|   1|0x00000000c9f00000, 0x00000000c9f00000, 0x00000000ca000000|  0%| F|  |TAMS 0x00000000c9f00000, 0x00000000c9f00000| Untracked 
|   2|0x00000000ca000000, 0x00000000ca000000, 0x00000000ca100000|  0%| F|  |TAMS 0x00000000ca000000, 0x00000000ca000000| Untracked 
|   3|0x00000000ca100000, 0x00000000ca100000, 0x00000000ca200000|  0%| F|  |TAMS 0x00000000ca100000, 0x00000000ca100000| Untracked 
|   4|0x00000000ca200000, 0x00000000ca200000, 0x00000000ca300000|  0%| F|  |TAMS 0x00000000ca200000, 0x00000000ca200000| Untracked 
|   5|0x00000000ca300000, 0x00000000ca300000, 0x00000000ca400000|  0%| F|  |TAMS 0x00000000ca300000, 0x00000000ca300000| Untracked 
|   6|0x00000000ca400000, 0x00000000ca400000, 0x00000000ca500000|  0%| F|  |TAMS 0x00000000ca400000, 0x00000000ca400000| Untracked 
|   7|0x00000000ca500000, 0x00000000ca500000, 0x00000000ca600000|  0%| F|  |TAMS 0x00000000ca500000, 0x00000000ca500000| Untracked 
|   8|0x00000000ca600000, 0x00000000ca600000, 0x00000000ca700000|  0%| F|  |TAMS 0x00000000ca600000, 0x00000000ca600000| Untracked 
|   9|0x00000000ca700000, 0x00000000ca700000, 0x00000000ca800000|  0%| F|  |TAMS 0x00000000ca700000, 0x00000000ca700000| Untracked 
|  10|0x00000000ca800000, 0x00000000ca800000, 0x00000000ca900000|  0%| F|  |TAMS 0x00000000ca800000, 0x00000000ca800000| Untracked 
|  11|0x00000000ca900000, 0x00000000ca900000, 0x00000000caa00000|  0%| F|  |TAMS 0x00000000ca900000, 0x00000000ca900000| Untracked 
|  12|0x00000000caa00000, 0x00000000caa00000, 0x00000000cab00000|  0%| F|  |TAMS 0x00000000caa00000, 0x00000000caa00000| Untracked 
|  13|0x00000000cab00000, 0x00000000cab00000, 0x00000000cac00000|  0%| F|  |TAMS 0x00000000cab00000, 0x00000000cab00000| Untracked 
|  14|0x00000000cac00000, 0x00000000cac00000, 0x00000000cad00000|  0%| F|  |TAMS 0x00000000cac00000, 0x00000000cac00000| Untracked 
|  15|0x00000000cad00000, 0x00000000cad00000, 0x00000000cae00000|  0%| F|  |TAMS 0x00000000cad00000, 0x00000000cad00000| Untracked 
|  16|0x00000000cae00000, 0x00000000cae00000, 0x00000000caf00000|  0%| F|  |TAMS 0x00000000cae00000, 0x00000000cae00000| Untracked 
|  17|0x00000000caf00000, 0x00000000caf00000, 0x00000000cb000000|  0%| F|  |TAMS 0x00000000caf00000, 0x00000000caf00000| Untracked 
|  18|0x00000000cb000000, 0x00000000cb000000, 0x00000000cb100000|  0%| F|  |TAMS 0x00000000cb000000, 0x00000000cb000000| Untracked 
|  19|0x00000000cb100000, 0x00000000cb100000, 0x00000000cb200000|  0%| F|  |TAMS 0x00000000cb100000, 0x00000000cb100000| Untracked 
|  20|0x00000000cb200000, 0x00000000cb200000, 0x00000000cb300000|  0%| F|  |TAMS 0x00000000cb200000, 0x00000000cb200000| Untracked 
|  21|0x00000000cb300000, 0x00000000cb300000, 0x00000000cb400000|  0%| F|  |TAMS 0x00000000cb300000, 0x00000000cb300000| Untracked 
|  22|0x00000000cb400000, 0x00000000cb400000, 0x00000000cb500000|  0%| F|  |TAMS 0x00000000cb400000, 0x00000000cb400000| Untracked 
|  23|0x00000000cb500000, 0x00000000cb500000, 0x00000000cb600000|  0%| F|  |TAMS 0x00000000cb500000, 0x00000000cb500000| Untracked 
|  24|0x00000000cb600000, 0x00000000cb600000, 0x00000000cb700000|  0%| F|  |TAMS 0x00000000cb600000, 0x00000000cb600000| Untracked 
|  25|0x00000000cb700000, 0x00000000cb700000, 0x00000000cb800000|  0%| F|  |TAMS 0x00000000cb700000, 0x00000000cb700000| Untracked 
|  26|0x00000000cb800000, 0x00000000cb800000, 0x00000000cb900000|  0%| F|  |TAMS 0x00000000cb800000, 0x00000000cb800000| Untracked 
|  27|0x00000000cb900000, 0x00000000cb900000, 0x00000000cba00000|  0%| F|  |TAMS 0x00000000cb900000, 0x00000000cb900000| Untracked 
|  28|0x00000000cba00000, 0x00000000cba00000, 0x00000000cbb00000|  0%| F|  |TAMS 0x00000000cba00000, 0x00000000cba00000| Untracked 
|  29|0x00000000cbb00000, 0x00000000cbb00000, 0x00000000cbc00000|  0%| F|  |TAMS 0x00000000cbb00000, 0x00000000cbb00000| Untracked 
|  30|0x00000000cbc00000, 0x00000000cbc00000, 0x00000000cbd00000|  0%| F|  |TAMS 0x00000000cbc00000, 0x00000000cbc00000| Untracked 
|  31|0x00000000cbd00000, 0x00000000cbd00000, 0x00000000cbe00000|  0%| F|  |TAMS 0x00000000cbd00000, 0x00000000cbd00000| Untracked 
|  32|0x00000000cbe00000, 0x00000000cbe00000, 0x00000000cbf00000|  0%| F|  |TAMS 0x00000000cbe00000, 0x00000000cbe00000| Untracked 
|  33|0x00000000cbf00000, 0x00000000cbf00000, 0x00000000cc000000|  0%| F|  |TAMS 0x00000000cbf00000, 0x00000000cbf00000| Untracked 
|  34|0x00000000cc000000, 0x00000000cc000000, 0x00000000cc100000|  0%| F|  |TAMS 0x00000000cc000000, 0x00000000cc000000| Untracked 
|  35|0x00000000cc100000, 0x00000000cc100000, 0x00000000cc200000|  0%| F|  |TAMS 0x00000000cc100000, 0x00000000cc100000| Untracked 
|  36|0x00000000cc200000, 0x00000000cc200000, 0x00000000cc300000|  0%| F|  |TAMS 0x00000000cc200000, 0x00000000cc200000| Untracked 
|  37|0x00000000cc300000, 0x00000000cc300000, 0x00000000cc400000|  0%| F|  |TAMS 0x00000000cc300000, 0x00000000cc300000| Untracked 
|  38|0x00000000cc400000, 0x00000000cc400000, 0x00000000cc500000|  0%| F|  |TAMS 0x00000000cc400000, 0x00000000cc400000| Untracked 
|  39|0x00000000cc500000, 0x00000000cc500000, 0x00000000cc600000|  0%| F|  |TAMS 0x00000000cc500000, 0x00000000cc500000| Untracked 
|  40|0x00000000cc600000, 0x00000000cc600000, 0x00000000cc700000|  0%| F|  |TAMS 0x00000000cc600000, 0x00000000cc600000| Untracked 
|  41|0x00000000cc700000, 0x00000000cc700000, 0x00000000cc800000|  0%| F|  |TAMS 0x00000000cc700000, 0x00000000cc700000| Untracked 
|  42|0x00000000cc800000, 0x00000000cc800000, 0x00000000cc900000|  0%| F|  |TAMS 0x00000000cc800000, 0x00000000cc800000| Untracked 
|  43|0x00000000cc900000, 0x00000000cc900000, 0x00000000cca00000|  0%| F|  |TAMS 0x00000000cc900000, 0x00000000cc900000| Untracked 
|  44|0x00000000cca00000, 0x00000000cca00000, 0x00000000ccb00000|  0%| F|  |TAMS 0x00000000cca00000, 0x00000000cca00000| Untracked 
|  45|0x00000000ccb00000, 0x00000000ccb00000, 0x00000000ccc00000|  0%| F|  |TAMS 0x00000000ccb00000, 0x00000000ccb00000| Untracked 
|  46|0x00000000ccc00000, 0x00000000ccc00000, 0x00000000ccd00000|  0%| F|  |TAMS 0x00000000ccc00000, 0x00000000ccc00000| Untracked 
|  47|0x00000000ccd00000, 0x00000000ccd00000, 0x00000000cce00000|  0%| F|  |TAMS 0x00000000ccd00000, 0x00000000ccd00000| Untracked 
|  48|0x00000000cce00000, 0x00000000cce00000, 0x00000000ccf00000|  0%| F|  |TAMS 0x00000000cce00000, 0x00000000cce00000| Untracked 
|  49|0x00000000ccf00000, 0x00000000ccf00000, 0x00000000cd000000|  0%| F|  |TAMS 0x00000000ccf00000, 0x00000000ccf00000| Untracked 
|  50|0x00000000cd000000, 0x00000000cd000000, 0x00000000cd100000|  0%| F|  |TAMS 0x00000000cd000000, 0x00000000cd000000| Untracked 
|  51|0x00000000cd100000, 0x00000000cd11f790, 0x00000000cd200000| 12%| E|  |TAMS 0x00000000cd100000, 0x00000000cd100000| Complete 
|  52|0x00000000cd200000, 0x00000000cd300000, 0x00000000cd300000|100%| E|CS|TAMS 0x00000000cd200000, 0x00000000cd200000| Complete 
|  53|0x00000000cd300000, 0x00000000cd400000, 0x00000000cd400000|100%| E|CS|TAMS 0x00000000cd300000, 0x00000000cd300000| Complete 
|  54|0x00000000cd400000, 0x00000000cd500000, 0x00000000cd500000|100%| E|CS|TAMS 0x00000000cd400000, 0x00000000cd400000| Complete 
|  55|0x00000000cd500000, 0x00000000cd600000, 0x00000000cd600000|100%| E|CS|TAMS 0x00000000cd500000, 0x00000000cd500000| Complete 

Card table byte_map: [0x000002d575e10000,0x000002d575fd0000] _byte_map_base: 0x000002d5757c1000

Marking Bits (Prev, Next): (CMBitMap*) 0x000002d5760c83b0, (CMBitMap*) 0x000002d5760c83f0
 Prev Bits: [0x000002d579900000, 0x000002d57a688000)
 Next Bits: [0x000002d57a690000, 0x000002d57b418000)

Polling page: 0x000002d573e50000

Metaspace:

Usage:
  Non-class:      9.97 MB used.
      Class:      1.08 MB used.
       Both:     11.05 MB used.

Virtual space:
  Non-class space:       16.00 MB reserved,      10.00 MB ( 62%) committed,  2 nodes.
      Class space:        1.00 GB reserved,       1.19 MB ( <1%) committed,  1 nodes.
             Both:        1.02 GB reserved,      11.19 MB (  1%) committed. 

Chunk freelists:
   Non-Class:  1.00 MB
       Class:  2.74 MB
        Both:  3.74 MB

MaxMetaspaceSize: unlimited
CompressedClassSpaceSize: 1.00 GB
Initial GC threshold: 21.00 MB
Current GC threshold: 21.00 MB
CDS: off
MetaspaceReclaimPolicy: balanced
 - commit_granule_bytes: 65536.
 - commit_granule_words: 8192.
 - virtual_space_node_default_size: 1048576.
 - enlarge_chunks_in_place: 1.
 - new_chunks_are_fully_committed: 0.
 - uncommit_free_chunks: 1.
 - use_allocation_guard: 0.
 - handle_deallocations: 1.


Internal statistics:

num_allocs_failed_limit: 0.
num_arena_births: 104.
num_arena_deaths: 0.
num_vsnodes_births: 3.
num_vsnodes_deaths: 0.
num_space_committed: 179.
num_space_uncommitted: 0.
num_chunks_returned_to_freelist: 0.
num_chunks_taken_from_freelist: 147.
num_chunk_merges: 0.
num_chunk_splits: 84.
num_chunks_enlarged: 49.
num_purges: 0.
num_inconsistent_stats: 0.

CodeHeap 'non-profiled nmethods': size=120064Kb used=148Kb max_used=148Kb free=119915Kb
 bounds [0x000002d507ac0000, 0x000002d507d30000, 0x000002d50f000000]
CodeHeap 'profiled nmethods': size=120000Kb used=794Kb max_used=794Kb free=119205Kb
 bounds [0x000002d500590000, 0x000002d500800000, 0x000002d507ac0000]
CodeHeap 'non-nmethods': size=5696Kb used=1204Kb max_used=1217Kb free=4491Kb
 bounds [0x000002d500000000, 0x000002d500270000, 0x000002d500590000]
 total_blobs=1071 nmethods=561 adapters=423
 compilation: enabled
              stopped_count=0, restarted_count=0
 full_count=0

Compilation events (20 events):
Event: 0.595 Thread 0x000002d57d8027c0 nmethod 548 0x000002d500654c10 code [0x000002d500654dc0, 0x000002d500654fc8]
Event: 0.596 Thread 0x000002d57d8027c0  553       3       java.lang.invoke.DirectMethodHandle::maybeCompile (24 bytes)
Event: 0.596 Thread 0x000002d57d8027c0 nmethod 553 0x000002d500655090 code [0x000002d500655240, 0x000002d500655458]
Event: 0.598 Thread 0x000002d57d7fdff0 nmethod 549 0x000002d507ae3a10 code [0x000002d507ae3b80, 0x000002d507ae3e98]
Event: 0.598 Thread 0x000002d57d7fdff0  550       4       jdk.internal.org.objectweb.asm.SymbolTable::put (150 bytes)
Event: 0.601 Thread 0x000002d57d7fdff0 nmethod 550 0x000002d507ae3f10 code [0x000002d507ae40a0, 0x000002d507ae43b8]
Event: 0.604 Thread 0x000002d57d8027c0  554       3       java.util.concurrent.ConcurrentHashMap$BaseIterator::hasNext (13 bytes)
Event: 0.604 Thread 0x000002d57d8027c0 nmethod 554 0x000002d500655590 code [0x000002d500655720, 0x000002d500655898]
Event: 0.604 Thread 0x000002d57d8027c0  555       3       java.util.concurrent.ConcurrentHashMap$ValueIterator::next (34 bytes)
Event: 0.604 Thread 0x000002d57d7fdff0  557       4       java.nio.DirectByteBuffer::ix (10 bytes)
Event: 0.604 Thread 0x000002d57d8027c0 nmethod 555 0x000002d500655910 code [0x000002d500655ac0, 0x000002d500655d18]
Event: 0.604 Thread 0x000002d57d8027c0  556       3       jdk.internal.jimage.ImageLocation::readValue (61 bytes)
Event: 0.604 Thread 0x000002d57d8027c0 nmethod 556 0x000002d500655e10 code [0x000002d500655fe0, 0x000002d500656398]
Event: 0.604 Thread 0x000002d57d7fdff0 nmethod 557 0x000002d507ae4590 code [0x000002d507ae4700, 0x000002d507ae4778]
Event: 0.605 Thread 0x000002d57d8027c0  558       1       jdk.internal.jimage.ImageHeader::getTableLength (5 bytes)
Event: 0.605 Thread 0x000002d57d8027c0 nmethod 558 0x000002d507ae4890 code [0x000002d507ae4a20, 0x000002d507ae4af8]
Event: 0.606 Thread 0x000002d57d8027c0  559       1       java.awt.Component::getParent_NoClientCode (5 bytes)
Event: 0.606 Thread 0x000002d57d8027c0 nmethod 559 0x000002d507ae4b90 code [0x000002d507ae4d20, 0x000002d507ae4df8]
Event: 0.606 Thread 0x000002d57d8027c0  560       3       java.awt.Component::getTreeLock (4 bytes)
Event: 0.606 Thread 0x000002d57d8027c0 nmethod 560 0x000002d500656510 code [0x000002d5006566a0, 0x000002d5006567b8]

GC Heap History (0 events):
No events

Deoptimization events (2 events):
Event: 0.593 Thread 0x000002d57608de70 DEOPT PACKING pc=0x000002d5005a79e7 sp=0x000000ebdfdfcaa0
Event: 0.593 Thread 0x000002d57608de70 DEOPT UNPACKING pc=0x000002d500052b43 sp=0x000000ebdfdfbec0 mode 0

Classes unloaded (0 events):
No events

Classes redefined (0 events):
No events

Internal exceptions (11 events):
Event: 0.186 Thread 0x000002d57608de70 Exception <a 'java/lang/ClassNotFoundException'{0x00000000cd5f4e40}: sun/awt/resources/spi/awtProvider> (0x00000000cd5f4e40) 
thrown [s\src\hotspot\share\classfile\systemDictionary.cpp, line 256]
Event: 0.226 Thread 0x000002d57608de70 Exception <a 'java/io/FileNotFoundException'{0x00000000cd450780}> (0x00000000cd450780) 
thrown [s\src\hotspot\share\prims\jni.cpp, line 516]
Event: 0.235 Thread 0x000002d57608de70 Exception <a 'java/io/FileNotFoundException'{0x00000000cd47e0a0}> (0x00000000cd47e0a0) 
thrown [s\src\hotspot\share\prims\jni.cpp, line 516]
Event: 0.298 Thread 0x000002d57608de70 Exception <a 'java/lang/NoSuchMethodError'{0x00000000cd4cfbe0}: 'java.lang.Object java.lang.invoke.DirectMethodHandle$Holder.invokeStaticInit(java.lang.Object)'> (0x00000000cd4cfbe0) 
thrown [s\src\hotspot\share\interpreter\linkResolver.cpp, line 759]
Event: 0.449 Thread 0x000002d57608de70 Exception <a 'java/lang/NoSuchMethodError'{0x00000000cd322008}: 'void java.lang.invoke.DirectMethodHandle$Holder.invokeSpecial(java.lang.Object, java.lang.Object, java.lang.Object)'> (0x00000000cd322008) 
thrown [s\src\hotspot\share\interpreter\linkResolver.cpp, line 759]
Event: 0.464 Thread 0x000002d57608de70 Exception <a 'java/lang/NoSuchMethodError'{0x00000000cd34c4a8}: 'java.lang.Object java.lang.invoke.DirectMethodHandle$Holder.newInvokeSpecial(java.lang.Object, java.lang.Object, java.lang.Object, java.lang.Object, java.lang.Object)'> (0x00000000cd34c4a8) 
thrown [s\src\hotspot\share\interpreter\linkResolver.cpp, line 759]
Event: 0.467 Thread 0x000002d57608de70 Exception <a 'java/lang/NoSuchMethodError'{0x00000000cd357e70}: 'java.lang.Object java.lang.invoke.DirectMethodHandle$Holder.invokeStatic(java.lang.Object, int, java.lang.Object, java.lang.Object, java.lang.Object, java.lang.Object)'> (0x00000000cd357e70) 
thrown [s\src\hotspot\share\interpreter\linkResolver.cpp, line 759]
Event: 0.471 Thread 0x000002d57608de70 Exception <a 'java/lang/NoSuchMethodError'{0x00000000cd37dcc0}: 'java.lang.Object java.lang.invoke.DirectMethodHandle$Holder.invokeStatic(java.lang.Object, int, java.lang.Object)'> (0x00000000cd37dcc0) 
thrown [s\src\hotspot\share\interpreter\linkResolver.cpp, line 759]
Event: 0.501 Thread 0x000002d57608de70 Exception <a 'java/lang/ClassNotFoundException'{0x00000000cd2369e0}: com/sun/swing/internal/plaf/metal/resources/spi/metalProvider> (0x00000000cd2369e0) 
thrown [s\src\hotspot\share\classfile\systemDictionary.cpp, line 256]
Event: 0.503 Thread 0x000002d57608de70 Exception <a 'java/lang/ClassNotFoundException'{0x00000000cd23b438}: com/sun/swing/internal/plaf/basic/resources/spi/basicProvider> (0x00000000cd23b438) 
thrown [s\src\hotspot\share\classfile\systemDictionary.cpp, line 256]
Event: 0.550 Thread 0x000002d57608de70 Exception <a 'java/lang/NoSuchMethodError'{0x00000000cd2bd8a0}: 'void java.lang.invoke.DirectMethodHandle$Holder.invokeStaticInit(java.lang.Object)'> (0x00000000cd2bd8a0) 
thrown [s\src\hotspot\share\interpreter\linkResolver.cpp, line 759]

VM Operations (6 events):
Event: 0.500 Executing VM operation: HandshakeAllThreads
Event: 0.500 Executing VM operation: HandshakeAllThreads done
Event: 0.516 Executing VM operation: HandshakeAllThreads
Event: 0.516 Executing VM operation: HandshakeAllThreads done
Event: 0.584 Executing VM operation: HandshakeAllThreads
Event: 0.584 Executing VM operation: HandshakeAllThreads done

Events (20 events):
Event: 0.607 loading class java/lang/invoke/VarHandle$AccessDescriptor
Event: 0.607 loading class java/lang/invoke/VarHandle$AccessDescriptor done
Event: 0.607 loading class java/util/concurrent/locks/AbstractQueuedSynchronizer$ConditionNode
Event: 0.607 loading class java/util/concurrent/ForkJoinPool$ManagedBlocker
Event: 0.607 loading class java/util/concurrent/ForkJoinPool$ManagedBlocker done
Event: 0.607 loading class java/util/concurrent/locks/AbstractQueuedSynchronizer$Node
Event: 0.607 loading class java/awt/SplashScreen
Event: 0.607 loading class java/util/concurrent/locks/AbstractQueuedSynchronizer$Node done
Event: 0.607 loading class java/util/concurrent/locks/AbstractQueuedSynchronizer$ConditionNode done
Event: 0.607 loading class java/util/concurrent/ForkJoinPool
Event: 0.607 loading class java/awt/SplashScreen done
Event: 0.607 loading class java/awt/Dialog
Event: 0.608 loading class java/awt/Dialog done
Event: 0.608 loading class java/util/concurrent/AbstractExecutorService
Event: 0.608 loading class java/awt/Dialog$ModalityType
Event: 0.608 loading class java/util/concurrent/ExecutorService
Event: 0.608 loading class java/util/concurrent/Executor
Event: 0.608 loading class java/awt/Dialog$ModalityType done
Event: 0.608 loading class java/util/concurrent/Executor done
Event: 0.608 loading class java/util/concurrent/ExecutorService done


Dynamic libraries:
0x00007ff68bc50000 - 0x00007ff68bc5e000 	C:\Eclipse\eclipse escritorio\plugins\org.eclipse.justj.openjdk.hotspot.jre.full.win32.x86_64_17.0.4.v20220903-1038\jre\bin\javaw.exe
0x00007ffb876b0000 - 0x00007ffb878a8000 	C:\WINDOWS\SYSTEM32\ntdll.dll
0x00007ffb86ff0000 - 0x00007ffb870af000 	C:\WINDOWS\System32\KERNEL32.DLL
0x00007ffb85420000 - 0x00007ffb856f2000 	C:\WINDOWS\System32\KERNELBASE.dll
0x00007ffb85150000 - 0x00007ffb85250000 	C:\WINDOWS\System32\ucrtbase.dll
0x00007ffb7ce50000 - 0x00007ffb7ce69000 	C:\Eclipse\eclipse escritorio\plugins\org.eclipse.justj.openjdk.hotspot.jre.full.win32.x86_64_17.0.4.v20220903-1038\jre\bin\VCRUNTIME140.dll
0x00007ffb7dfb0000 - 0x00007ffb7dfc8000 	C:\Eclipse\eclipse escritorio\plugins\org.eclipse.justj.openjdk.hotspot.jre.full.win32.x86_64_17.0.4.v20220903-1038\jre\bin\jli.dll
0x00007ffb85700000 - 0x00007ffb858a1000 	C:\WINDOWS\System32\USER32.dll
0x00007ffb85070000 - 0x00007ffb85092000 	C:\WINDOWS\System32\win32u.dll
0x00007ffb6cc20000 - 0x00007ffb6ceba000 	C:\WINDOWS\WinSxS\amd64_microsoft.windows.common-controls_6595b64144ccf1df_6.0.19041.1110_none_60b5254171f9507e\COMCTL32.dll
0x00007ffb86f50000 - 0x00007ffb86fee000 	C:\WINDOWS\System32\msvcrt.dll
0x00007ffb86c30000 - 0x00007ffb86c5b000 	C:\WINDOWS\System32\GDI32.dll
0x00007ffb84db0000 - 0x00007ffb84ebf000 	C:\WINDOWS\System32\gdi32full.dll
0x00007ffb84fd0000 - 0x00007ffb8506d000 	C:\WINDOWS\System32\msvcp_win.dll
0x00007ffb86bf0000 - 0x00007ffb86c20000 	C:\WINDOWS\System32\IMM32.DLL
0x0000000058b90000 - 0x0000000058b9c000 	C:\Program Files (x86)\360\Total Security\safemon\SafeWrapper.dll
0x00007ffb86ae0000 - 0x00007ffb86b8e000 	C:\WINDOWS\System32\ADVAPI32.dll
0x00007ffb860b0000 - 0x00007ffb8614c000 	C:\WINDOWS\System32\sechost.dll
0x00007ffb86e10000 - 0x00007ffb86f34000 	C:\WINDOWS\System32\RPCRT4.dll
0x00007ffb752b0000 - 0x00007ffb75342000 	C:\Program Files (x86)\360\Total Security\safemon\libzdtp64.dll
0x00007ffb861b0000 - 0x00007ffb868f5000 	C:\WINDOWS\System32\SHELL32.dll
0x00007ffb85f00000 - 0x00007ffb85f55000 	C:\WINDOWS\System32\SHLWAPI.dll
0x00007ffb84a90000 - 0x00007ffb84a9a000 	C:\WINDOWS\SYSTEM32\VERSION.dll
0x00007ffb7cf60000 - 0x00007ffb7cf6c000 	C:\Eclipse\eclipse escritorio\plugins\org.eclipse.justj.openjdk.hotspot.jre.full.win32.x86_64_17.0.4.v20220903-1038\jre\bin\vcruntime140_1.dll
0x00007ffb7cdb0000 - 0x00007ffb7ce41000 	C:\Eclipse\eclipse escritorio\plugins\org.eclipse.justj.openjdk.hotspot.jre.full.win32.x86_64_17.0.4.v20220903-1038\jre\bin\msvcp140.dll
0x00007ffb582c0000 - 0x00007ffb58f06000 	C:\Eclipse\eclipse escritorio\plugins\org.eclipse.justj.openjdk.hotspot.jre.full.win32.x86_64_17.0.4.v20220903-1038\jre\bin\server\jvm.dll
0x00007ffb85ef0000 - 0x00007ffb85ef8000 	C:\WINDOWS\System32\PSAPI.DLL
0x00007ffb7bd50000 - 0x00007ffb7bd77000 	C:\WINDOWS\SYSTEM32\WINMM.dll
0x00007ffb83660000 - 0x00007ffb83669000 	C:\WINDOWS\SYSTEM32\WSOCK32.dll
0x00007ffb86040000 - 0x00007ffb860ab000 	C:\WINDOWS\System32\WS2_32.dll
0x00007ffb82660000 - 0x00007ffb82672000 	C:\WINDOWS\SYSTEM32\kernel.appcore.dll
0x00007ffb83650000 - 0x00007ffb8365a000 	C:\Eclipse\eclipse escritorio\plugins\org.eclipse.justj.openjdk.hotspot.jre.full.win32.x86_64_17.0.4.v20220903-1038\jre\bin\jimage.dll
0x00007ffb846e0000 - 0x00007ffb848c4000 	C:\WINDOWS\SYSTEM32\DBGHELP.DLL
0x00007ffb84300000 - 0x00007ffb84335000 	C:\WINDOWS\SYSTEM32\dbgcore.DLL
0x00007ffb84ef0000 - 0x00007ffb84f72000 	C:\WINDOWS\System32\bcryptPrimitives.dll
0x00007ffb83620000 - 0x00007ffb83645000 	C:\Eclipse\eclipse escritorio\plugins\org.eclipse.justj.openjdk.hotspot.jre.full.win32.x86_64_17.0.4.v20220903-1038\jre\bin\java.dll
0x00007ffb83600000 - 0x00007ffb83618000 	C:\Eclipse\eclipse escritorio\plugins\org.eclipse.justj.openjdk.hotspot.jre.full.win32.x86_64_17.0.4.v20220903-1038\jre\bin\zip.dll
0x00007ffb827d0000 - 0x00007ffb82f62000 	C:\WINDOWS\SYSTEM32\windows.storage.dll
0x00007ffb85aa0000 - 0x00007ffb85df5000 	C:\WINDOWS\System32\combase.dll
0x00007ffb842d0000 - 0x00007ffb84300000 	C:\WINDOWS\SYSTEM32\Wldp.dll
0x00007ffb875c0000 - 0x00007ffb8766d000 	C:\WINDOWS\System32\SHCORE.dll
0x00007ffb84cf0000 - 0x00007ffb84d0f000 	C:\WINDOWS\SYSTEM32\profapi.dll
0x00007ffb6d1d0000 - 0x00007ffb6d35e000 	C:\Eclipse\eclipse escritorio\plugins\org.eclipse.justj.openjdk.hotspot.jre.full.win32.x86_64_17.0.4.v20220903-1038\jre\bin\awt.dll
0x00007ffb859d0000 - 0x00007ffb85a9d000 	C:\WINDOWS\System32\OLEAUT32.dll
0x00007ffb81810000 - 0x00007ffb818a0000 	C:\WINDOWS\SYSTEM32\apphelp.dll
0x00007ffb82330000 - 0x00007ffb8235f000 	C:\WINDOWS\system32\DWMAPI.DLL
0x00007ffb818c0000 - 0x00007ffb8195e000 	C:\WINDOWS\system32\uxtheme.dll
0x00007ffb54260000 - 0x00007ffb54385000 	C:\WINDOWS\system32\opengl32.dll
0x00007ffb55210000 - 0x00007ffb5523c000 	C:\WINDOWS\SYSTEM32\GLU32.dll
0x00007ffb858b0000 - 0x00007ffb859c4000 	C:\WINDOWS\System32\MSCTF.dll
0x00007ffb86900000 - 0x00007ffb86a2a000 	C:\WINDOWS\System32\ole32.dll
0x00007ffb54900000 - 0x00007ffb54ace000 	C:\WINDOWS\system32\d3d9.dll
0x00007ffb7bd80000 - 0x00007ffb7bf3b000 	C:\WINDOWS\System32\DriverStore\FileRepository\u0385914.inf_amd64_728327554da2f068\B382773\aticfx64.dll
0x00007ffb75270000 - 0x00007ffb752a4000 	C:\WINDOWS\System32\DriverStore\FileRepository\u0385914.inf_amd64_728327554da2f068\B382773\atiu9p64.dll
0x00007ffb35170000 - 0x00007ffb35ec5000 	C:\WINDOWS\System32\DriverStore\FileRepository\u0385914.inf_amd64_728327554da2f068\B382773\atiumd64.dll
0x0000000057940000 - 0x0000000058867000 	C:\WINDOWS\System32\DriverStore\FileRepository\u0385914.inf_amd64_728327554da2f068\B382773\atiumd6a.dll
0x00007ffb870b0000 - 0x00007ffb87518000 	C:\WINDOWS\System32\SETUPAPI.dll
0x00007ffb84f80000 - 0x00007ffb84fce000 	C:\WINDOWS\System32\cfgmgr32.dll
0x00007ffb84ec0000 - 0x00007ffb84ee7000 	C:\WINDOWS\System32\bcrypt.dll
0x00007ffb84b20000 - 0x00007ffb84b6b000 	C:\WINDOWS\SYSTEM32\POWRPROF.dll
0x00007ffb84b00000 - 0x00007ffb84b12000 	C:\WINDOWS\SYSTEM32\UMPDC.dll
0x00007ffb76350000 - 0x00007ffb76385000 	C:\WINDOWS\SYSTEM32\amdihk64.dll
0x00007ffb6d140000 - 0x00007ffb6d1c6000 	C:\Eclipse\eclipse escritorio\plugins\org.eclipse.justj.openjdk.hotspot.jre.full.win32.x86_64_17.0.4.v20220903-1038\jre\bin\freetype.dll
0x00007ffb5af10000 - 0x00007ffb5afb8000 	C:\Eclipse\eclipse escritorio\plugins\org.eclipse.justj.openjdk.hotspot.jre.full.win32.x86_64_17.0.4.v20220903-1038\jre\bin\fontmanager.dll

dbghelp: loaded successfully - version: 4.0.5 - missing functions: none
symbol engine: initialized successfully - sym options: 0x614 - pdb path: .;C:\Eclipse\eclipse escritorio\plugins\org.eclipse.justj.openjdk.hotspot.jre.full.win32.x86_64_17.0.4.v20220903-1038\jre\bin;C:\WINDOWS\SYSTEM32;C:\WINDOWS\WinSxS\amd64_microsoft.windows.common-controls_6595b64144ccf1df_6.0.19041.1110_none_60b5254171f9507e;C:\Program Files (x86)\360\Total Security\safemon;C:\Eclipse\eclipse escritorio\plugins\org.eclipse.justj.openjdk.hotspot.jre.full.win32.x86_64_17.0.4.v20220903-1038\jre\bin\server;C:\WINDOWS\System32\DriverStore\FileRepository\u0385914.inf_amd64_728327554da2f068\B382773

VM Arguments:
jvm_args: -Dfile.encoding=UTF-8 -XX:+ShowCodeDetailsInExceptionMessages 
java_command: Interfaz.j28anterior
java_class_path (initial): C:\Eclipse\workspace\CursoJavaCero\bin
Launcher Type: SUN_STANDARD

[Global flags]
     intx CICompilerCount                          = 2                                         {product} {ergonomic}
     uint ConcGCThreads                            = 1                                         {product} {ergonomic}
     uint G1ConcRefinementThreads                  = 2                                         {product} {ergonomic}
   size_t G1HeapRegionSize                         = 1048576                                   {product} {ergonomic}
    uintx GCDrainStackTargetSize                   = 64                                        {product} {ergonomic}
   size_t InitialHeapSize                          = 58720256                                  {product} {ergonomic}
   size_t MarkStackSize                            = 4194304                                   {product} {ergonomic}
   size_t MaxHeapSize                              = 908066816                                 {product} {ergonomic}
   size_t MaxNewSize                               = 544210944                                 {product} {ergonomic}
   size_t MinHeapDeltaBytes                        = 1048576                                   {product} {ergonomic}
   size_t MinHeapSize                              = 8388608                                   {product} {ergonomic}
    uintx NonNMethodCodeHeapSize                   = 5826188                                {pd product} {ergonomic}
    uintx NonProfiledCodeHeapSize                  = 122916026                              {pd product} {ergonomic}
    uintx ProfiledCodeHeapSize                     = 122916026                              {pd product} {ergonomic}
    uintx ReservedCodeCacheSize                    = 251658240                              {pd product} {ergonomic}
     bool SegmentedCodeCache                       = true                                      {product} {ergonomic}
     bool ShowCodeDetailsInExceptionMessages       = true                                   {manageable} {command line}
   size_t SoftMaxHeapSize                          = 908066816                              {manageable} {ergonomic}
     bool UseCompressedClassPointers               = true                           {product lp64_product} {ergonomic}
     bool UseCompressedOops                        = true                           {product lp64_product} {ergonomic}
     bool UseG1GC                                  = true                                      {product} {ergonomic}
     bool UseLargePagesIndividualAllocation        = false                                  {pd product} {ergonomic}

Logging:
Log output configuration:
 #0: stdout all=warning uptime,level,tags
 #1: stderr all=off uptime,level,tags

Environment Variables:
JAVA_HOME=C:\Program Files\Java\jdk-19
PATH=C:/Eclipse/eclipse escritorio//plugins/org.eclipse.justj.openjdk.hotspot.jre.full.win32.x86_64_17.0.4.v20220903-1038/jre/bin/server;C:/Eclipse/eclipse escritorio//plugins/org.eclipse.justj.openjdk.hotspot.jre.full.win32.x86_64_17.0.4.v20220903-1038/jre/bin;C:\Program Files\Common Files\Oracle\Java\javapath;C:\Program Files (x86)\Common Files\Oracle\Java\javapath;C:\WINDOWS\system32;C:\WINDOWS;C:\WINDOWS\System32\Wbem;C:\WINDOWS\System32\WindowsPowerShell\v1.0\;C:\WINDOWS\System32\OpenSSH\;C:\Users\Lenovo\OneDrive\Documentos\Programacion\java19s1\jdk-19\bin;C:\Users\Lenovo\AppData\Local\Programs\Python\Python311\Scripts\;C:\Users\Lenovo\AppData\Local\Programs\Python\Python311\;C:\Users\Lenovo\AppData\Local\Microsoft\WindowsApps;C:\Program Files\Java\jdk-19\bin;C:\Users\Lenovo\AppData\Local\Programs\Microsoft VS Code\bin;;C:\Eclipse\eclipse escritorio;
USERNAME=Lenovo
OS=Windows_NT
PROCESSOR_IDENTIFIER=AMD64 Family 23 Model 24 Stepping 1, AuthenticAMD
TMP=C:\Users\Lenovo\AppData\Local\Temp
TEMP=C:\Users\Lenovo\AppData\Local\Temp



---------------  S Y S T E M  ---------------

OS:
 Windows 10 , 64 bit Build 19041 (10.0.19041.2546)
OS uptime: 0 days 23:02 hours

CPU: total 2 (initial active 2) (2 cores per cpu, 1 threads per core) family 23 model 24 stepping 1 microcode 0x0, cx8, cmov, fxsr, mmx, 3dnowpref, sse, sse2, sse3, ssse3, sse4a, sse4.1, sse4.2, popcnt, lzcnt, tsc, tscinvbit, avx, avx2, aes, clmul, bmi1, bmi2, adx, sha, fma, vzeroupper, clflush, clflushopt

Memory: 4k page, system-wide physical 3460M (239M free)
TotalPageFile size 6148M (AvailPageFile size 4M)
current process WorkingSet (physical memory assigned to process): 54M, peak: 54M
current process commit charge ("private bytes"): 135M, peak: 135M

vm_info: OpenJDK 64-Bit Server VM (17.0.4.1+1) for windows-amd64 JRE (17.0.4.1+1), built on Aug 17 2022 07:42:43 by "temurin" with MS VC++ 16.7 (VS2019)

END.
